[11:12:59] [INIT] KubeJS 2001.6.5-build.16; MC 2001 forge
[11:12:59] [INIT] Loaded plugins:
[11:12:59] [INIT] - dev.latvian.mods.kubejs.forge.BuiltinKubeJSForgePlugin
[11:12:59] [INIT] - dev.latvian.mods.kubejs.forge.BuiltinKubeJSForgeClientPlugin
[11:12:59] [INIT] - com.lowdragmc.lowdraglib.kjs.LDLibKubeJSPlugin
[11:12:59] [INIT] - net.mehvahdjukaar.sawmill.integration.KubeJsPlugin
[11:12:59] [INIT] - dev.ftb.mods.ftbxmodcompat.ftbquests.kubejs.KubeJSIntegration
[11:12:59] [INIT] - dev.ftb.mods.ftbxmodcompat.ftbchunks.kubejs.FTBChunksKubeJSPlugin
[11:12:59] [INIT] - dev.ftb.mods.ftbxmodcompat.ftbteams.kubejs.FTBTeamsKubeJSPlugin
[11:12:59] [INIT] - dev.ftb.mods.ftbxmodcompat.ftbfiltersystem.kubejs.FFSKubeJSPlugin
[11:12:59] [INIT] - com.squoshi.irons_spells_js.IronsSpellsJSPlugin
[11:12:59] [INIT] - com.squoshi.irons_spells_js.compat.entityjs.EntityJSPlugin
[11:12:59] [INIT] - com.falaut.KubeJSNaturesAuraPlugin
[11:12:59] [INIT] - com.lowdragmc.mbd2.integration.kubejs.MBDKubeJSPlugin
[11:12:59] [INIT] - dev.latvian.mods.kubejs.thermal.KubeJSThermalPlugin
[11:12:59] [INIT] - com.bobvarioa.kubejsarsnouveau.KubeJSArsNouveauPlugin
[11:12:59] [INIT] - net.liopyu.entityjs.EntityJSPlugin
[11:12:59] [INIT] - dev.latvian.mods.kubejs.create.KubeJSCreatePlugin
[11:12:59] [INIT] - com.almostreliable.morejs.Plugin
[11:12:59] [INIT] - com.negodya1.kubejs.vintageimprovements.KubeJSVintagePlugin
[11:12:59] [INIT] - qinomed.kubejsdelight.KubeJSDelightPlugin
[11:12:59] [INIT] - com.almostreliable.lootjs.kube.LootJSPlugin
[11:12:59] [INIT] - com.probejs.ProbeJSPlugin
[11:12:59] [INIT] - com.almostreliable.ponderjs.KubePlugin
[11:12:59] [INIT] - snownee.lychee.compat.kubejs.LycheeKubeJSPlugin
[11:12:59] [INFO] Loaded script server_scripts:cleanup/cleanup.js in 0.001 s
[11:12:59] [INFO] Loaded script server_scripts:cleanup/dummy_recipes.js in 0.001 s
[11:12:59] [INFO] Loaded script server_scripts:cleanup/SandpaperStripping.js in 0.0 s
[11:12:59] [INFO] Loaded script server_scripts:cleanup/wood.js in 0.001 s
[11:12:59] [INFO] Loaded script server_scripts:cleanup/WoodCutting.js in 0.0 s
[11:12:59] [INFO] Loaded script server_scripts:cleanup/WoodCuttingAxe.js in 0.0 s
[11:12:59] [INFO] Loaded script server_scripts:enchanting/ApparatusEnchanting.js in 0.0 s
[11:12:59] [INFO] Loaded script server_scripts:enchanting/EnchantingMaterials.js in 0.001 s
[11:12:59] [INFO] Loaded script server_scripts:enchanting/EnchantingRecipesRemoval.js in 0.0 s
[11:12:59] [INFO] Loaded script server_scripts:equipment/accessories.js in 0.0 s
[11:12:59] [INFO] Loaded script server_scripts:equipment/armor.js in 0.001 s
[11:12:59] [INFO] Loaded script server_scripts:equipment/tools.js in 0.002 s
[11:12:59] [INFO] Loaded script server_scripts:equipment/toolUsage/blazing_sword_fish.js in 0.0 s
[11:12:59] [INFO] Loaded script server_scripts:equipment/toolUsage/firestarter_tnt_lightning.js in 0.0 s
[11:12:59] [INFO] Loaded script server_scripts:equipment/toolUsage/hoes.js in 0.001 s
[11:12:59] [INFO] Loaded script server_scripts:equipment/toolUsage/PrimitiveShears.js in 0.0 s
[11:12:59] [INFO] Loaded script server_scripts:Food.js in 0.0 s
[11:12:59] [INFO] Loaded script server_scripts:inWorldCrafting/block_clicking.js in 0.0 s
[11:12:59] [INFO] Loaded script server_scripts:inWorldCrafting/explosion_crafting.js in 0.0 s
[11:12:59] [INFO] Loaded script server_scripts:inWorldCrafting/lightning_crafting.js in 0.0 s
[11:12:59] [INFO] Loaded script server_scripts:inWorldCrafting/TF_Transformation_Powder.js in 0.0 s
[11:12:59] [INFO] Loaded script server_scripts:loot.js in 0.001 s
[11:12:59] [INFO] Loaded script server_scripts:machines/apparatus.js in 0.0 s
[11:12:59] [INFO] Loaded script server_scripts:machines/arcane_iterator.js in 0.0 s
[11:12:59] [INFO] Loaded script server_scripts:machines/arcane_workbench.js in 0.0 s
[11:12:59] [INFO] Loaded script server_scripts:machines/arcanum_pylon.js in 0.0 s
[11:12:59] [INFO] Loaded script server_scripts:machines/cutting_board.js in 0.0 s
[11:12:59] [INFO] Loaded script server_scripts:machines/elemental_binder.js in 0.0 s
[11:12:59] [INFO] Loaded script server_scripts:machines/elemental_evaporator.js in 0.0 s
[11:12:59] [INFO] Loaded script server_scripts:machines/elemental_infuser.js in 0.0 s
[11:12:59] [INFO] Loaded script server_scripts:machines/freezer.js in 0.001 s
[11:12:59] [INFO] Loaded script server_scripts:machines/imbuement_chamber.js in 0.0 s
[11:12:59] [INFO] Loaded script server_scripts:machines/mechanical_mixer.js in 0.0 s
[11:12:59] [INFO] Loaded script server_scripts:machines/recycler.js in 0.0 s
[11:12:59] [INFO] Loaded script server_scripts:machines/wissen_altar.js in 0.0 s
[11:12:59] [INFO] Loaded script server_scripts:main.js in 0.002 s
[11:12:59] [INFO] Loaded script server_scripts:mortarAndMilling.js in 0.0 s
[11:12:59] [INFO] Loaded script server_scripts:multiblocks/animal_spawner.js in 0.0 s
[11:12:59] [INFO] Loaded script server_scripts:multiblocks/clibano_oven.js in 0.0 s
[11:12:59] [INFO] Loaded script server_scripts:multiblocks/kiln.js in 0.0 s
[11:12:59] [INFO] Loaded script server_scripts:multiblocks/multiblock_crafting.js in 0.001 s
[11:12:59] [INFO] Loaded script server_scripts:multiblocks/nature_altar.js in 0.0 s
[11:12:59] [INFO] Loaded script server_scripts:multiblocks/sacrificial_altar.js in 0.0 s
[11:12:59] [INFO] Loaded script server_scripts:multiblocks/sequence_assembly.js in 0.0 s
[11:12:59] [INFO] Loaded script server_scripts:multiblocks/tree_ritual.js in 0.0 s
[11:12:59] [INFO] Loaded script server_scripts:multiblocks/vine_generator.js in 0.0 s
[11:12:59] [INFO] Loaded script server_scripts:PlayerEvents.js in 0.0 s
[11:12:59] [INFO] Loaded script server_scripts:spells.js in 0.001 s
[11:12:59] [INFO] Loaded script server_scripts:structures.js in 0.0 s
[11:12:59] [INFO] Loaded script server_scripts:tags/BiomeTags.js in 0.0 s
[11:12:59] [INFO] Loaded script server_scripts:tags/BlockTags.js in 0.0 s
[11:12:59] [INFO] Loaded script server_scripts:tags/CustomTags.js in 0.0 s
[11:12:59] [INFO] Loaded script server_scripts:tags/EntityTags.js in 0.0 s
[11:12:59] [INFO] Loaded script server_scripts:tags/Tags.js in 0.0 s
[11:12:59] [INFO] Loaded script server_scripts:test/BlockEvents.js in 0.0 s
[11:12:59] [INFO] Loaded script server_scripts:test/test.js in 0.0 s
[11:12:59] [INFO] Loaded script server_scripts:upgrades_storage.js in 0.0 s
[11:12:59] [INFO] Loaded script server_scripts:utility/EmiLootFix.js in 0.0 s
[11:12:59] [INFO] utility/KeepInventory.js#1: Loaded Java class 'top.theillusivec4.curios.api.CuriosApi'
[11:12:59] [INFO] Loaded script server_scripts:utility/KeepInventory.js in 0.0 s
[11:12:59] [INFO] Loaded script server_scripts:Villagers.js in 0.001 s
[11:12:59] [INFO] Loaded 60/60 KubeJS server scripts in 0.044 s with 0 errors and 0 warnings
[11:12:59] [INFO] Scripts loaded
[11:12:59] [INFO] Initializing recipe event...
[11:12:59] [INFO] Server resource reload complete!
[11:12:59] [INFO] [minecraft:entity_type] Found 137 tags, added 34 objects, removed 0 objects
[11:12:59] [INFO] [minecraft:worldgen/biome] Found 651 tags, added 112 objects, removed 0 objects
[11:12:59] [INFO] [minecraft:block] Found 1119 tags, added 145 objects, removed 0 objects
[11:12:59] [INFO] [minecraft:item] Found 2346 tags, added 1288 objects, removed 28 objects
[11:13:00] [INFO] Processing recipes...
[11:13:00] [WARN] Failed to parse recipe 'thermal:devices/tree_extractor/tree_extractor_cherry[thermal:tree_extractor]'! Falling back to vanilla: Non [a-z0-9_.-] character in namespace of location: {\"Name\":\"minecraft:cherry_log\"}
[11:13:00] [WARN] net.minecraft.ResourceLocationException: Non [a-z0-9_.-] character in namespace of location: {\"Name\":\"minecraft:cherry_log\"}
[11:13:00] [WARN]   at net.minecraft.resources.ResourceLocation.m_245413_(ResourceLocation.java:221)
[11:13:00] [WARN]   at net.minecraft.resources.ResourceLocation.<init>(ResourceLocation.java:40)
[11:13:00] [WARN]   at net.minecraft.resources.ResourceLocation.<init>(ResourceLocation.java:44)
[11:13:00] [WARN]   at net.minecraft.resources.ResourceLocation.<init>(ResourceLocation.java:50)
[11:13:00] [WARN]   at …kubejs.util.UtilsJS.parseBlockState(UtilsJS.java:461)
[11:13:00] [WARN]   at …kubejs.recipe.component.BlockComponent.read(BlockComponent.java:48)
[11:13:00] [WARN]   at …kubejs.recipe.component.BlockComponent.read(BlockComponent.java:14)
[11:13:00] [WARN]   at …kubejs.recipe.component.RecipeComponent.readFromJson(RecipeComponent.java:170)
[11:13:00] [WARN]   at …kubejs.recipe.RecipeJS.deserialize(RecipeJS.java:74)
[11:13:00] [WARN]   at …kubejs.recipe.schema.RecipeSchema.deserialize(RecipeSchema.java:248)
[11:13:00] [WARN]   at …kubejs.recipe.RecipesEventJS.post(RecipesEventJS.java:326)
[11:13:00] [WARN]   at net.minecraft.world.item.crafting.RecipeManager.handler$ekj000$customRecipesHead(RecipeManager.java:6531)
[11:13:00] [WARN]   at net.minecraft.world.item.crafting.RecipeManager.m_5787_(RecipeManager.java)
[11:13:00] [WARN]   at net.minecraft.world.item.crafting.RecipeManager.m_5787_(RecipeManager.java:34)
[11:13:00] [WARN]   at net.minecraft.server.packs.resources.SimplePreparableReloadListener.m_10789_(SimplePreparableReloadListener.java:13)
[11:13:00] [WARN]   at java.util.concurrent.CompletableFuture$UniAccept.tryFire(CompletableFuture.java:718)
[11:13:00] [WARN]   at java.util.concurrent.CompletableFuture$Completion.run(CompletableFuture.java:482)
[11:13:00] [WARN]   at net.minecraft.server.packs.resources.SimpleReloadInstance.m_143940_(SimpleReloadInstance.java:69)
[11:13:00] [WARN]   at net.minecraft.server.TickTask.run(TickTask.java:18)
[11:13:00] [WARN]   at net.minecraft.util.thread.BlockableEventLoop.m_6367_(BlockableEventLoop.java:156)
[11:13:00] [WARN]   at net.minecraft.util.thread.ReentrantBlockableEventLoop.m_6367_(ReentrantBlockableEventLoop.java:23)
[11:13:00] [WARN]   at net.minecraft.server.MinecraftServer.m_6367_(MinecraftServer.java:770)
[11:13:00] [WARN]   at net.minecraft.server.MinecraftServer.m_6367_(MinecraftServer.java:161)
[11:13:00] [WARN]   at net.minecraft.util.thread.BlockableEventLoop.m_7245_(BlockableEventLoop.java:130)
[11:13:00] [WARN]   at net.minecraft.server.MinecraftServer.m_129961_(MinecraftServer.java:753)
[11:13:00] [WARN]   at net.minecraft.server.MinecraftServer.m_7245_(MinecraftServer.java:747)
[11:13:00] [WARN]   at net.minecraft.util.thread.BlockableEventLoop.m_18701_(BlockableEventLoop.java:139)
[11:13:00] [WARN]   at net.minecraft.server.MinecraftServer.m_129861_(MinecraftServer.java:1345)
[11:13:00] [WARN]   at morethanhidden.restrictedportals.RPCommon.onServerStarting(RPCommon.java:77)
[11:13:00] [WARN]   at morethanhidden.restrictedportals.RestrictedPortals.onServerStarting(RestrictedPortals.java:29)
[11:13:00] [WARN]   at morethanhidden.restrictedportals.__RestrictedPortals_onServerStarting_ServerAboutToStartEvent.invoke(.dynamic)
[11:13:00] [WARN]   at MC-BOOTSTRAP/net.minecraftforge.eventbus/net.minecraftforge.eventbus.ASMEventHandler.invoke(ASMEventHandler.java:73)
[11:13:00] [WARN]   at MC-BOOTSTRAP/net.minecraftforge.eventbus/net.minecraftforge.eventbus.EventBus.post(EventBus.java:315)
[11:13:00] [WARN]   at MC-BOOTSTRAP/net.minecraftforge.eventbus/net.minecraftforge.eventbus.EventBus.post(EventBus.java:296)
[11:13:00] [WARN]   at net.minecraftforge.server.ServerLifecycleHooks.handleServerAboutToStart(ServerLifecycleHooks.java:98)
[11:13:00] [WARN]   at net.minecraft.client.server.IntegratedServer.m_7038_(IntegratedServer.java:62)
[11:13:00] [WARN]   at net.minecraft.server.MinecraftServer.m_130011_(MinecraftServer.java:634)
[11:13:00] [WARN]   at net.minecraft.server.MinecraftServer.m_206580_(MinecraftServer.java:251)
[11:13:00] [WARN]   at java.lang.Thread.run(Thread.java:833)
[11:13:00] [WARN] Failed to parse recipe 'thermal:devices/tree_extractor/tree_extractor_jungle[thermal:tree_extractor]'! Falling back to vanilla: Non [a-z0-9_.-] character in namespace of location: {\"Name\":\"minecraft:jungle_log\",\"Properties\":{\"axis\":\"y\"}}
[11:13:00] [WARN] net.minecraft.ResourceLocationException: Non [a-z0-9_.-] character in namespace of location: {\"Name\":\"minecraft:jungle_log\",\"Properties\":{\"axis\":\"y\"}}
[11:13:00] [WARN]   at net.minecraft.resources.ResourceLocation.m_245413_(ResourceLocation.java:221)
[11:13:00] [WARN]   at net.minecraft.resources.ResourceLocation.<init>(ResourceLocation.java:40)
[11:13:00] [WARN]   at net.minecraft.resources.ResourceLocation.<init>(ResourceLocation.java:44)
[11:13:00] [WARN]   at net.minecraft.resources.ResourceLocation.<init>(ResourceLocation.java:50)
[11:13:00] [WARN]   at …kubejs.util.UtilsJS.parseBlockState(UtilsJS.java:461)
[11:13:00] [WARN]   at …kubejs.recipe.component.BlockComponent.read(BlockComponent.java:48)
[11:13:00] [WARN]   at …kubejs.recipe.component.BlockComponent.read(BlockComponent.java:14)
[11:13:00] [WARN]   at …kubejs.recipe.component.RecipeComponent.readFromJson(RecipeComponent.java:170)
[11:13:00] [WARN]   at …kubejs.recipe.RecipeJS.deserialize(RecipeJS.java:74)
[11:13:00] [WARN]   at …kubejs.recipe.schema.RecipeSchema.deserialize(RecipeSchema.java:248)
[11:13:00] [WARN]   at …kubejs.recipe.RecipesEventJS.post(RecipesEventJS.java:326)
[11:13:00] [WARN]   at net.minecraft.world.item.crafting.RecipeManager.handler$ekj000$customRecipesHead(RecipeManager.java:6531)
[11:13:00] [WARN]   at net.minecraft.world.item.crafting.RecipeManager.m_5787_(RecipeManager.java)
[11:13:00] [WARN]   at net.minecraft.world.item.crafting.RecipeManager.m_5787_(RecipeManager.java:34)
[11:13:00] [WARN]   at net.minecraft.server.packs.resources.SimplePreparableReloadListener.m_10789_(SimplePreparableReloadListener.java:13)
[11:13:00] [WARN]   at java.util.concurrent.CompletableFuture$UniAccept.tryFire(CompletableFuture.java:718)
[11:13:00] [WARN]   at java.util.concurrent.CompletableFuture$Completion.run(CompletableFuture.java:482)
[11:13:00] [WARN]   at net.minecraft.server.packs.resources.SimpleReloadInstance.m_143940_(SimpleReloadInstance.java:69)
[11:13:00] [WARN]   at net.minecraft.server.TickTask.run(TickTask.java:18)
[11:13:00] [WARN]   at net.minecraft.util.thread.BlockableEventLoop.m_6367_(BlockableEventLoop.java:156)
[11:13:00] [WARN]   at net.minecraft.util.thread.ReentrantBlockableEventLoop.m_6367_(ReentrantBlockableEventLoop.java:23)
[11:13:00] [WARN]   at net.minecraft.server.MinecraftServer.m_6367_(MinecraftServer.java:770)
[11:13:00] [WARN]   at net.minecraft.server.MinecraftServer.m_6367_(MinecraftServer.java:161)
[11:13:00] [WARN]   at net.minecraft.util.thread.BlockableEventLoop.m_7245_(BlockableEventLoop.java:130)
[11:13:00] [WARN]   at net.minecraft.server.MinecraftServer.m_129961_(MinecraftServer.java:753)
[11:13:00] [WARN]   at net.minecraft.server.MinecraftServer.m_7245_(MinecraftServer.java:747)
[11:13:00] [WARN]   at net.minecraft.util.thread.BlockableEventLoop.m_18701_(BlockableEventLoop.java:139)
[11:13:00] [WARN]   at net.minecraft.server.MinecraftServer.m_129861_(MinecraftServer.java:1345)
[11:13:00] [WARN]   at morethanhidden.restrictedportals.RPCommon.onServerStarting(RPCommon.java:77)
[11:13:00] [WARN]   at morethanhidden.restrictedportals.RestrictedPortals.onServerStarting(RestrictedPortals.java:29)
[11:13:00] [WARN]   at morethanhidden.restrictedportals.__RestrictedPortals_onServerStarting_ServerAboutToStartEvent.invoke(.dynamic)
[11:13:00] [WARN]   at MC-BOOTSTRAP/net.minecraftforge.eventbus/net.minecraftforge.eventbus.ASMEventHandler.invoke(ASMEventHandler.java:73)
[11:13:00] [WARN]   at MC-BOOTSTRAP/net.minecraftforge.eventbus/net.minecraftforge.eventbus.EventBus.post(EventBus.java:315)
[11:13:00] [WARN]   at MC-BOOTSTRAP/net.minecraftforge.eventbus/net.minecraftforge.eventbus.EventBus.post(EventBus.java:296)
[11:13:00] [WARN]   at net.minecraftforge.server.ServerLifecycleHooks.handleServerAboutToStart(ServerLifecycleHooks.java:98)
[11:13:00] [WARN]   at net.minecraft.client.server.IntegratedServer.m_7038_(IntegratedServer.java:62)
[11:13:00] [WARN]   at net.minecraft.server.MinecraftServer.m_130011_(MinecraftServer.java:634)
[11:13:00] [WARN]   at net.minecraft.server.MinecraftServer.m_206580_(MinecraftServer.java:251)
[11:13:00] [WARN]   at java.lang.Thread.run(Thread.java:833)
[11:13:00] [WARN] Failed to parse recipe 'thermal:devices/tree_extractor/tree_extractor_birch[thermal:tree_extractor]'! Falling back to vanilla: Non [a-z0-9_.-] character in namespace of location: {\"Name\":\"minecraft:birch_log\",\"Properties\":{\"axis\":\"y\"}}
[11:13:00] [WARN] net.minecraft.ResourceLocationException: Non [a-z0-9_.-] character in namespace of location: {\"Name\":\"minecraft:birch_log\",\"Properties\":{\"axis\":\"y\"}}
[11:13:00] [WARN]   at net.minecraft.resources.ResourceLocation.m_245413_(ResourceLocation.java:221)
[11:13:00] [WARN]   at net.minecraft.resources.ResourceLocation.<init>(ResourceLocation.java:40)
[11:13:00] [WARN]   at net.minecraft.resources.ResourceLocation.<init>(ResourceLocation.java:44)
[11:13:00] [WARN]   at net.minecraft.resources.ResourceLocation.<init>(ResourceLocation.java:50)
[11:13:00] [WARN]   at …kubejs.util.UtilsJS.parseBlockState(UtilsJS.java:461)
[11:13:00] [WARN]   at …kubejs.recipe.component.BlockComponent.read(BlockComponent.java:48)
[11:13:00] [WARN]   at …kubejs.recipe.component.BlockComponent.read(BlockComponent.java:14)
[11:13:00] [WARN]   at …kubejs.recipe.component.RecipeComponent.readFromJson(RecipeComponent.java:170)
[11:13:00] [WARN]   at …kubejs.recipe.RecipeJS.deserialize(RecipeJS.java:74)
[11:13:00] [WARN]   at …kubejs.recipe.schema.RecipeSchema.deserialize(RecipeSchema.java:248)
[11:13:00] [WARN]   at …kubejs.recipe.RecipesEventJS.post(RecipesEventJS.java:326)
[11:13:00] [WARN]   at net.minecraft.world.item.crafting.RecipeManager.handler$ekj000$customRecipesHead(RecipeManager.java:6531)
[11:13:00] [WARN]   at net.minecraft.world.item.crafting.RecipeManager.m_5787_(RecipeManager.java)
[11:13:00] [WARN]   at net.minecraft.world.item.crafting.RecipeManager.m_5787_(RecipeManager.java:34)
[11:13:00] [WARN]   at net.minecraft.server.packs.resources.SimplePreparableReloadListener.m_10789_(SimplePreparableReloadListener.java:13)
[11:13:00] [WARN]   at java.util.concurrent.CompletableFuture$UniAccept.tryFire(CompletableFuture.java:718)
[11:13:00] [WARN]   at java.util.concurrent.CompletableFuture$Completion.run(CompletableFuture.java:482)
[11:13:00] [WARN]   at net.minecraft.server.packs.resources.SimpleReloadInstance.m_143940_(SimpleReloadInstance.java:69)
[11:13:00] [WARN]   at net.minecraft.server.TickTask.run(TickTask.java:18)
[11:13:00] [WARN]   at net.minecraft.util.thread.BlockableEventLoop.m_6367_(BlockableEventLoop.java:156)
[11:13:00] [WARN]   at net.minecraft.util.thread.ReentrantBlockableEventLoop.m_6367_(ReentrantBlockableEventLoop.java:23)
[11:13:00] [WARN]   at net.minecraft.server.MinecraftServer.m_6367_(MinecraftServer.java:770)
[11:13:00] [WARN]   at net.minecraft.server.MinecraftServer.m_6367_(MinecraftServer.java:161)
[11:13:00] [WARN]   at net.minecraft.util.thread.BlockableEventLoop.m_7245_(BlockableEventLoop.java:130)
[11:13:00] [WARN]   at net.minecraft.server.MinecraftServer.m_129961_(MinecraftServer.java:753)
[11:13:00] [WARN]   at net.minecraft.server.MinecraftServer.m_7245_(MinecraftServer.java:747)
[11:13:00] [WARN]   at net.minecraft.util.thread.BlockableEventLoop.m_18701_(BlockableEventLoop.java:139)
[11:13:00] [WARN]   at net.minecraft.server.MinecraftServer.m_129861_(MinecraftServer.java:1345)
[11:13:00] [WARN]   at morethanhidden.restrictedportals.RPCommon.onServerStarting(RPCommon.java:77)
[11:13:00] [WARN]   at morethanhidden.restrictedportals.RestrictedPortals.onServerStarting(RestrictedPortals.java:29)
[11:13:00] [WARN]   at morethanhidden.restrictedportals.__RestrictedPortals_onServerStarting_ServerAboutToStartEvent.invoke(.dynamic)
[11:13:00] [WARN]   at MC-BOOTSTRAP/net.minecraftforge.eventbus/net.minecraftforge.eventbus.ASMEventHandler.invoke(ASMEventHandler.java:73)
[11:13:00] [WARN]   at MC-BOOTSTRAP/net.minecraftforge.eventbus/net.minecraftforge.eventbus.EventBus.post(EventBus.java:315)
[11:13:00] [WARN]   at MC-BOOTSTRAP/net.minecraftforge.eventbus/net.minecraftforge.eventbus.EventBus.post(EventBus.java:296)
[11:13:00] [WARN]   at net.minecraftforge.server.ServerLifecycleHooks.handleServerAboutToStart(ServerLifecycleHooks.java:98)
[11:13:00] [WARN]   at net.minecraft.client.server.IntegratedServer.m_7038_(IntegratedServer.java:62)
[11:13:00] [WARN]   at net.minecraft.server.MinecraftServer.m_130011_(MinecraftServer.java:634)
[11:13:00] [WARN]   at net.minecraft.server.MinecraftServer.m_206580_(MinecraftServer.java:251)
[11:13:00] [WARN]   at java.lang.Thread.run(Thread.java:833)
[11:13:00] [WARN] Failed to parse recipe 'vintageimprovements:craft/fiery_wire[minecraft:crafting_shaped]'! Falling back to vanilla: ItemStack 'result' can't be empty!
[11:13:00] [WARN] Failed to parse recipe 'vintageimprovements:craft/electrum_wire[minecraft:crafting_shaped]'! Falling back to vanilla: ItemStack 'result' can't be empty!
[11:13:00] [WARN] Failed to parse recipe 'thermal:devices/tree_extractor/tree_extractor_oak[thermal:tree_extractor]'! Falling back to vanilla: Non [a-z0-9_.-] character in namespace of location: {\"Name\":\"minecraft:oak_log\"}
[11:13:00] [WARN] net.minecraft.ResourceLocationException: Non [a-z0-9_.-] character in namespace of location: {\"Name\":\"minecraft:oak_log\"}
[11:13:00] [WARN]   at net.minecraft.resources.ResourceLocation.m_245413_(ResourceLocation.java:221)
[11:13:00] [WARN]   at net.minecraft.resources.ResourceLocation.<init>(ResourceLocation.java:40)
[11:13:00] [WARN]   at net.minecraft.resources.ResourceLocation.<init>(ResourceLocation.java:44)
[11:13:00] [WARN]   at net.minecraft.resources.ResourceLocation.<init>(ResourceLocation.java:50)
[11:13:00] [WARN]   at …kubejs.util.UtilsJS.parseBlockState(UtilsJS.java:461)
[11:13:00] [WARN]   at …kubejs.recipe.component.BlockComponent.read(BlockComponent.java:48)
[11:13:00] [WARN]   at …kubejs.recipe.component.BlockComponent.read(BlockComponent.java:14)
[11:13:00] [WARN]   at …kubejs.recipe.component.RecipeComponent.readFromJson(RecipeComponent.java:170)
[11:13:00] [WARN]   at …kubejs.recipe.RecipeJS.deserialize(RecipeJS.java:74)
[11:13:00] [WARN]   at …kubejs.recipe.schema.RecipeSchema.deserialize(RecipeSchema.java:248)
[11:13:00] [WARN]   at …kubejs.recipe.RecipesEventJS.post(RecipesEventJS.java:326)
[11:13:00] [WARN]   at net.minecraft.world.item.crafting.RecipeManager.handler$ekj000$customRecipesHead(RecipeManager.java:6531)
[11:13:00] [WARN]   at net.minecraft.world.item.crafting.RecipeManager.m_5787_(RecipeManager.java)
[11:13:00] [WARN]   at net.minecraft.world.item.crafting.RecipeManager.m_5787_(RecipeManager.java:34)
[11:13:00] [WARN]   at net.minecraft.server.packs.resources.SimplePreparableReloadListener.m_10789_(SimplePreparableReloadListener.java:13)
[11:13:00] [WARN]   at java.util.concurrent.CompletableFuture$UniAccept.tryFire(CompletableFuture.java:718)
[11:13:00] [WARN]   at java.util.concurrent.CompletableFuture$Completion.run(CompletableFuture.java:482)
[11:13:00] [WARN]   at net.minecraft.server.packs.resources.SimpleReloadInstance.m_143940_(SimpleReloadInstance.java:69)
[11:13:00] [WARN]   at net.minecraft.server.TickTask.run(TickTask.java:18)
[11:13:00] [WARN]   at net.minecraft.util.thread.BlockableEventLoop.m_6367_(BlockableEventLoop.java:156)
[11:13:00] [WARN]   at net.minecraft.util.thread.ReentrantBlockableEventLoop.m_6367_(ReentrantBlockableEventLoop.java:23)
[11:13:00] [WARN]   at net.minecraft.server.MinecraftServer.m_6367_(MinecraftServer.java:770)
[11:13:00] [WARN]   at net.minecraft.server.MinecraftServer.m_6367_(MinecraftServer.java:161)
[11:13:00] [WARN]   at net.minecraft.util.thread.BlockableEventLoop.m_7245_(BlockableEventLoop.java:130)
[11:13:00] [WARN]   at net.minecraft.server.MinecraftServer.m_129961_(MinecraftServer.java:753)
[11:13:00] [WARN]   at net.minecraft.server.MinecraftServer.m_7245_(MinecraftServer.java:747)
[11:13:00] [WARN]   at net.minecraft.util.thread.BlockableEventLoop.m_18701_(BlockableEventLoop.java:139)
[11:13:00] [WARN]   at net.minecraft.server.MinecraftServer.m_129861_(MinecraftServer.java:1345)
[11:13:00] [WARN]   at morethanhidden.restrictedportals.RPCommon.onServerStarting(RPCommon.java:77)
[11:13:00] [WARN]   at morethanhidden.restrictedportals.RestrictedPortals.onServerStarting(RestrictedPortals.java:29)
[11:13:00] [WARN]   at morethanhidden.restrictedportals.__RestrictedPortals_onServerStarting_ServerAboutToStartEvent.invoke(.dynamic)
[11:13:00] [WARN]   at MC-BOOTSTRAP/net.minecraftforge.eventbus/net.minecraftforge.eventbus.ASMEventHandler.invoke(ASMEventHandler.java:73)
[11:13:00] [WARN]   at MC-BOOTSTRAP/net.minecraftforge.eventbus/net.minecraftforge.eventbus.EventBus.post(EventBus.java:315)
[11:13:00] [WARN]   at MC-BOOTSTRAP/net.minecraftforge.eventbus/net.minecraftforge.eventbus.EventBus.post(EventBus.java:296)
[11:13:00] [WARN]   at net.minecraftforge.server.ServerLifecycleHooks.handleServerAboutToStart(ServerLifecycleHooks.java:98)
[11:13:00] [WARN]   at net.minecraft.client.server.IntegratedServer.m_7038_(IntegratedServer.java:62)
[11:13:00] [WARN]   at net.minecraft.server.MinecraftServer.m_130011_(MinecraftServer.java:634)
[11:13:00] [WARN]   at net.minecraft.server.MinecraftServer.m_206580_(MinecraftServer.java:251)
[11:13:00] [WARN]   at java.lang.Thread.run(Thread.java:833)
[11:13:00] [WARN] Failed to parse recipe 'vintageimprovements:craft/electrum_rod[minecraft:crafting_shaped]'! Falling back to vanilla: ItemStack 'result' can't be empty!
[11:13:00] [WARN] Failed to parse recipe 'thermal:devices/tree_extractor/tree_extractor_dark_oak[thermal:tree_extractor]'! Falling back to vanilla: Non [a-z0-9_.-] character in namespace of location: {\"Name\":\"minecraft:dark_oak_log\",\"Properties\":{\"axis\":\"y\"}}
[11:13:00] [WARN] net.minecraft.ResourceLocationException: Non [a-z0-9_.-] character in namespace of location: {\"Name\":\"minecraft:dark_oak_log\",\"Properties\":{\"axis\":\"y\"}}
[11:13:00] [WARN]   at net.minecraft.resources.ResourceLocation.m_245413_(ResourceLocation.java:221)
[11:13:00] [WARN]   at net.minecraft.resources.ResourceLocation.<init>(ResourceLocation.java:40)
[11:13:00] [WARN]   at net.minecraft.resources.ResourceLocation.<init>(ResourceLocation.java:44)
[11:13:00] [WARN]   at net.minecraft.resources.ResourceLocation.<init>(ResourceLocation.java:50)
[11:13:00] [WARN]   at …kubejs.util.UtilsJS.parseBlockState(UtilsJS.java:461)
[11:13:00] [WARN]   at …kubejs.recipe.component.BlockComponent.read(BlockComponent.java:48)
[11:13:00] [WARN]   at …kubejs.recipe.component.BlockComponent.read(BlockComponent.java:14)
[11:13:00] [WARN]   at …kubejs.recipe.component.RecipeComponent.readFromJson(RecipeComponent.java:170)
[11:13:00] [WARN]   at …kubejs.recipe.RecipeJS.deserialize(RecipeJS.java:74)
[11:13:00] [WARN]   at …kubejs.recipe.schema.RecipeSchema.deserialize(RecipeSchema.java:248)
[11:13:00] [WARN]   at …kubejs.recipe.RecipesEventJS.post(RecipesEventJS.java:326)
[11:13:00] [WARN]   at net.minecraft.world.item.crafting.RecipeManager.handler$ekj000$customRecipesHead(RecipeManager.java:6531)
[11:13:00] [WARN]   at net.minecraft.world.item.crafting.RecipeManager.m_5787_(RecipeManager.java)
[11:13:00] [WARN]   at net.minecraft.world.item.crafting.RecipeManager.m_5787_(RecipeManager.java:34)
[11:13:00] [WARN]   at net.minecraft.server.packs.resources.SimplePreparableReloadListener.m_10789_(SimplePreparableReloadListener.java:13)
[11:13:00] [WARN]   at java.util.concurrent.CompletableFuture$UniAccept.tryFire(CompletableFuture.java:718)
[11:13:00] [WARN]   at java.util.concurrent.CompletableFuture$Completion.run(CompletableFuture.java:482)
[11:13:00] [WARN]   at net.minecraft.server.packs.resources.SimpleReloadInstance.m_143940_(SimpleReloadInstance.java:69)
[11:13:00] [WARN]   at net.minecraft.server.TickTask.run(TickTask.java:18)
[11:13:00] [WARN]   at net.minecraft.util.thread.BlockableEventLoop.m_6367_(BlockableEventLoop.java:156)
[11:13:00] [WARN]   at net.minecraft.util.thread.ReentrantBlockableEventLoop.m_6367_(ReentrantBlockableEventLoop.java:23)
[11:13:00] [WARN]   at net.minecraft.server.MinecraftServer.m_6367_(MinecraftServer.java:770)
[11:13:00] [WARN]   at net.minecraft.server.MinecraftServer.m_6367_(MinecraftServer.java:161)
[11:13:00] [WARN]   at net.minecraft.util.thread.BlockableEventLoop.m_7245_(BlockableEventLoop.java:130)
[11:13:00] [WARN]   at net.minecraft.server.MinecraftServer.m_129961_(MinecraftServer.java:753)
[11:13:00] [WARN]   at net.minecraft.server.MinecraftServer.m_7245_(MinecraftServer.java:747)
[11:13:00] [WARN]   at net.minecraft.util.thread.BlockableEventLoop.m_18701_(BlockableEventLoop.java:139)
[11:13:00] [WARN]   at net.minecraft.server.MinecraftServer.m_129861_(MinecraftServer.java:1345)
[11:13:00] [WARN]   at morethanhidden.restrictedportals.RPCommon.onServerStarting(RPCommon.java:77)
[11:13:00] [WARN]   at morethanhidden.restrictedportals.RestrictedPortals.onServerStarting(RestrictedPortals.java:29)
[11:13:00] [WARN]   at morethanhidden.restrictedportals.__RestrictedPortals_onServerStarting_ServerAboutToStartEvent.invoke(.dynamic)
[11:13:00] [WARN]   at MC-BOOTSTRAP/net.minecraftforge.eventbus/net.minecraftforge.eventbus.ASMEventHandler.invoke(ASMEventHandler.java:73)
[11:13:00] [WARN]   at MC-BOOTSTRAP/net.minecraftforge.eventbus/net.minecraftforge.eventbus.EventBus.post(EventBus.java:315)
[11:13:00] [WARN]   at MC-BOOTSTRAP/net.minecraftforge.eventbus/net.minecraftforge.eventbus.EventBus.post(EventBus.java:296)
[11:13:00] [WARN]   at net.minecraftforge.server.ServerLifecycleHooks.handleServerAboutToStart(ServerLifecycleHooks.java:98)
[11:13:00] [WARN]   at net.minecraft.client.server.IntegratedServer.m_7038_(IntegratedServer.java:62)
[11:13:00] [WARN]   at net.minecraft.server.MinecraftServer.m_130011_(MinecraftServer.java:634)
[11:13:00] [WARN]   at net.minecraft.server.MinecraftServer.m_206580_(MinecraftServer.java:251)
[11:13:00] [WARN]   at java.lang.Thread.run(Thread.java:833)
[11:13:00] [WARN] Failed to parse recipe 'thermal:devices/tree_extractor/tree_extractor_spruce[thermal:tree_extractor]'! Falling back to vanilla: Non [a-z0-9_.-] character in namespace of location: {\"Name\":\"minecraft:spruce_log\",\"Properties\":{\"axis\":\"y\"}}
[11:13:00] [WARN] net.minecraft.ResourceLocationException: Non [a-z0-9_.-] character in namespace of location: {\"Name\":\"minecraft:spruce_log\",\"Properties\":{\"axis\":\"y\"}}
[11:13:00] [WARN]   at net.minecraft.resources.ResourceLocation.m_245413_(ResourceLocation.java:221)
[11:13:00] [WARN]   at net.minecraft.resources.ResourceLocation.<init>(ResourceLocation.java:40)
[11:13:00] [WARN]   at net.minecraft.resources.ResourceLocation.<init>(ResourceLocation.java:44)
[11:13:00] [WARN]   at net.minecraft.resources.ResourceLocation.<init>(ResourceLocation.java:50)
[11:13:00] [WARN]   at …kubejs.util.UtilsJS.parseBlockState(UtilsJS.java:461)
[11:13:00] [WARN]   at …kubejs.recipe.component.BlockComponent.read(BlockComponent.java:48)
[11:13:00] [WARN]   at …kubejs.recipe.component.BlockComponent.read(BlockComponent.java:14)
[11:13:00] [WARN]   at …kubejs.recipe.component.RecipeComponent.readFromJson(RecipeComponent.java:170)
[11:13:00] [WARN]   at …kubejs.recipe.RecipeJS.deserialize(RecipeJS.java:74)
[11:13:00] [WARN]   at …kubejs.recipe.schema.RecipeSchema.deserialize(RecipeSchema.java:248)
[11:13:00] [WARN]   at …kubejs.recipe.RecipesEventJS.post(RecipesEventJS.java:326)
[11:13:00] [WARN]   at net.minecraft.world.item.crafting.RecipeManager.handler$ekj000$customRecipesHead(RecipeManager.java:6531)
[11:13:00] [WARN]   at net.minecraft.world.item.crafting.RecipeManager.m_5787_(RecipeManager.java)
[11:13:00] [WARN]   at net.minecraft.world.item.crafting.RecipeManager.m_5787_(RecipeManager.java:34)
[11:13:00] [WARN]   at net.minecraft.server.packs.resources.SimplePreparableReloadListener.m_10789_(SimplePreparableReloadListener.java:13)
[11:13:00] [WARN]   at java.util.concurrent.CompletableFuture$UniAccept.tryFire(CompletableFuture.java:718)
[11:13:00] [WARN]   at java.util.concurrent.CompletableFuture$Completion.run(CompletableFuture.java:482)
[11:13:00] [WARN]   at net.minecraft.server.packs.resources.SimpleReloadInstance.m_143940_(SimpleReloadInstance.java:69)
[11:13:00] [WARN]   at net.minecraft.server.TickTask.run(TickTask.java:18)
[11:13:00] [WARN]   at net.minecraft.util.thread.BlockableEventLoop.m_6367_(BlockableEventLoop.java:156)
[11:13:00] [WARN]   at net.minecraft.util.thread.ReentrantBlockableEventLoop.m_6367_(ReentrantBlockableEventLoop.java:23)
[11:13:00] [WARN]   at net.minecraft.server.MinecraftServer.m_6367_(MinecraftServer.java:770)
[11:13:00] [WARN]   at net.minecraft.server.MinecraftServer.m_6367_(MinecraftServer.java:161)
[11:13:00] [WARN]   at net.minecraft.util.thread.BlockableEventLoop.m_7245_(BlockableEventLoop.java:130)
[11:13:00] [WARN]   at net.minecraft.server.MinecraftServer.m_129961_(MinecraftServer.java:753)
[11:13:00] [WARN]   at net.minecraft.server.MinecraftServer.m_7245_(MinecraftServer.java:747)
[11:13:00] [WARN]   at net.minecraft.util.thread.BlockableEventLoop.m_18701_(BlockableEventLoop.java:139)
[11:13:00] [WARN]   at net.minecraft.server.MinecraftServer.m_129861_(MinecraftServer.java:1345)
[11:13:00] [WARN]   at morethanhidden.restrictedportals.RPCommon.onServerStarting(RPCommon.java:77)
[11:13:00] [WARN]   at morethanhidden.restrictedportals.RestrictedPortals.onServerStarting(RestrictedPortals.java:29)
[11:13:00] [WARN]   at morethanhidden.restrictedportals.__RestrictedPortals_onServerStarting_ServerAboutToStartEvent.invoke(.dynamic)
[11:13:00] [WARN]   at MC-BOOTSTRAP/net.minecraftforge.eventbus/net.minecraftforge.eventbus.ASMEventHandler.invoke(ASMEventHandler.java:73)
[11:13:00] [WARN]   at MC-BOOTSTRAP/net.minecraftforge.eventbus/net.minecraftforge.eventbus.EventBus.post(EventBus.java:315)
[11:13:00] [WARN]   at MC-BOOTSTRAP/net.minecraftforge.eventbus/net.minecraftforge.eventbus.EventBus.post(EventBus.java:296)
[11:13:00] [WARN]   at net.minecraftforge.server.ServerLifecycleHooks.handleServerAboutToStart(ServerLifecycleHooks.java:98)
[11:13:00] [WARN]   at net.minecraft.client.server.IntegratedServer.m_7038_(IntegratedServer.java:62)
[11:13:00] [WARN]   at net.minecraft.server.MinecraftServer.m_130011_(MinecraftServer.java:634)
[11:13:00] [WARN]   at net.minecraft.server.MinecraftServer.m_206580_(MinecraftServer.java:251)
[11:13:00] [WARN]   at java.lang.Thread.run(Thread.java:833)
[11:13:00] [WARN] Failed to parse recipe 'thermal:devices/tree_extractor/tree_extractor_rubberwood[thermal:tree_extractor]'! Falling back to vanilla: Non [a-z0-9_.-] character in namespace of location: {\"Name\":\"thermal:rubberwood_log\",\"Properties\":{\"axis\":\"y\"}}
[11:13:00] [WARN] net.minecraft.ResourceLocationException: Non [a-z0-9_.-] character in namespace of location: {\"Name\":\"thermal:rubberwood_log\",\"Properties\":{\"axis\":\"y\"}}
[11:13:00] [WARN]   at net.minecraft.resources.ResourceLocation.m_245413_(ResourceLocation.java:221)
[11:13:00] [WARN]   at net.minecraft.resources.ResourceLocation.<init>(ResourceLocation.java:40)
[11:13:00] [WARN]   at net.minecraft.resources.ResourceLocation.<init>(ResourceLocation.java:44)
[11:13:00] [WARN]   at net.minecraft.resources.ResourceLocation.<init>(ResourceLocation.java:50)
[11:13:00] [WARN]   at …kubejs.util.UtilsJS.parseBlockState(UtilsJS.java:461)
[11:13:00] [WARN]   at …kubejs.recipe.component.BlockComponent.read(BlockComponent.java:48)
[11:13:00] [WARN]   at …kubejs.recipe.component.BlockComponent.read(BlockComponent.java:14)
[11:13:00] [WARN]   at …kubejs.recipe.component.RecipeComponent.readFromJson(RecipeComponent.java:170)
[11:13:00] [WARN]   at …kubejs.recipe.RecipeJS.deserialize(RecipeJS.java:74)
[11:13:00] [WARN]   at …kubejs.recipe.schema.RecipeSchema.deserialize(RecipeSchema.java:248)
[11:13:00] [WARN]   at …kubejs.recipe.RecipesEventJS.post(RecipesEventJS.java:326)
[11:13:00] [WARN]   at net.minecraft.world.item.crafting.RecipeManager.handler$ekj000$customRecipesHead(RecipeManager.java:6531)
[11:13:00] [WARN]   at net.minecraft.world.item.crafting.RecipeManager.m_5787_(RecipeManager.java)
[11:13:00] [WARN]   at net.minecraft.world.item.crafting.RecipeManager.m_5787_(RecipeManager.java:34)
[11:13:00] [WARN]   at net.minecraft.server.packs.resources.SimplePreparableReloadListener.m_10789_(SimplePreparableReloadListener.java:13)
[11:13:00] [WARN]   at java.util.concurrent.CompletableFuture$UniAccept.tryFire(CompletableFuture.java:718)
[11:13:00] [WARN]   at java.util.concurrent.CompletableFuture$Completion.run(CompletableFuture.java:482)
[11:13:00] [WARN]   at net.minecraft.server.packs.resources.SimpleReloadInstance.m_143940_(SimpleReloadInstance.java:69)
[11:13:00] [WARN]   at net.minecraft.server.TickTask.run(TickTask.java:18)
[11:13:00] [WARN]   at net.minecraft.util.thread.BlockableEventLoop.m_6367_(BlockableEventLoop.java:156)
[11:13:00] [WARN]   at net.minecraft.util.thread.ReentrantBlockableEventLoop.m_6367_(ReentrantBlockableEventLoop.java:23)
[11:13:00] [WARN]   at net.minecraft.server.MinecraftServer.m_6367_(MinecraftServer.java:770)
[11:13:00] [WARN]   at net.minecraft.server.MinecraftServer.m_6367_(MinecraftServer.java:161)
[11:13:00] [WARN]   at net.minecraft.util.thread.BlockableEventLoop.m_7245_(BlockableEventLoop.java:130)
[11:13:00] [WARN]   at net.minecraft.server.MinecraftServer.m_129961_(MinecraftServer.java:753)
[11:13:00] [WARN]   at net.minecraft.server.MinecraftServer.m_7245_(MinecraftServer.java:747)
[11:13:00] [WARN]   at net.minecraft.util.thread.BlockableEventLoop.m_18701_(BlockableEventLoop.java:139)
[11:13:00] [WARN]   at net.minecraft.server.MinecraftServer.m_129861_(MinecraftServer.java:1345)
[11:13:00] [WARN]   at morethanhidden.restrictedportals.RPCommon.onServerStarting(RPCommon.java:77)
[11:13:00] [WARN]   at morethanhidden.restrictedportals.RestrictedPortals.onServerStarting(RestrictedPortals.java:29)
[11:13:00] [WARN]   at morethanhidden.restrictedportals.__RestrictedPortals_onServerStarting_ServerAboutToStartEvent.invoke(.dynamic)
[11:13:00] [WARN]   at MC-BOOTSTRAP/net.minecraftforge.eventbus/net.minecraftforge.eventbus.ASMEventHandler.invoke(ASMEventHandler.java:73)
[11:13:00] [WARN]   at MC-BOOTSTRAP/net.minecraftforge.eventbus/net.minecraftforge.eventbus.EventBus.post(EventBus.java:315)
[11:13:00] [WARN]   at MC-BOOTSTRAP/net.minecraftforge.eventbus/net.minecraftforge.eventbus.EventBus.post(EventBus.java:296)
[11:13:00] [WARN]   at net.minecraftforge.server.ServerLifecycleHooks.handleServerAboutToStart(ServerLifecycleHooks.java:98)
[11:13:00] [WARN]   at net.minecraft.client.server.IntegratedServer.m_7038_(IntegratedServer.java:62)
[11:13:00] [WARN]   at net.minecraft.server.MinecraftServer.m_130011_(MinecraftServer.java:634)
[11:13:00] [WARN]   at net.minecraft.server.MinecraftServer.m_206580_(MinecraftServer.java:251)
[11:13:00] [WARN]   at java.lang.Thread.run(Thread.java:833)
[11:13:00] [WARN] Failed to parse recipe 'thermal:devices/tree_extractor/tree_extractor_acacia[thermal:tree_extractor]'! Falling back to vanilla: Non [a-z0-9_.-] character in namespace of location: {\"Name\":\"minecraft:acacia_log\",\"Properties\":{\"axis\":\"y\"}}
[11:13:00] [WARN] net.minecraft.ResourceLocationException: Non [a-z0-9_.-] character in namespace of location: {\"Name\":\"minecraft:acacia_log\",\"Properties\":{\"axis\":\"y\"}}
[11:13:00] [WARN]   at net.minecraft.resources.ResourceLocation.m_245413_(ResourceLocation.java:221)
[11:13:00] [WARN]   at net.minecraft.resources.ResourceLocation.<init>(ResourceLocation.java:40)
[11:13:00] [WARN]   at net.minecraft.resources.ResourceLocation.<init>(ResourceLocation.java:44)
[11:13:00] [WARN]   at net.minecraft.resources.ResourceLocation.<init>(ResourceLocation.java:50)
[11:13:00] [WARN]   at …kubejs.util.UtilsJS.parseBlockState(UtilsJS.java:461)
[11:13:00] [WARN]   at …kubejs.recipe.component.BlockComponent.read(BlockComponent.java:48)
[11:13:00] [WARN]   at …kubejs.recipe.component.BlockComponent.read(BlockComponent.java:14)
[11:13:00] [WARN]   at …kubejs.recipe.component.RecipeComponent.readFromJson(RecipeComponent.java:170)
[11:13:00] [WARN]   at …kubejs.recipe.RecipeJS.deserialize(RecipeJS.java:74)
[11:13:00] [WARN]   at …kubejs.recipe.schema.RecipeSchema.deserialize(RecipeSchema.java:248)
[11:13:00] [WARN]   at …kubejs.recipe.RecipesEventJS.post(RecipesEventJS.java:326)
[11:13:00] [WARN]   at net.minecraft.world.item.crafting.RecipeManager.handler$ekj000$customRecipesHead(RecipeManager.java:6531)
[11:13:00] [WARN]   at net.minecraft.world.item.crafting.RecipeManager.m_5787_(RecipeManager.java)
[11:13:00] [WARN]   at net.minecraft.world.item.crafting.RecipeManager.m_5787_(RecipeManager.java:34)
[11:13:00] [WARN]   at net.minecraft.server.packs.resources.SimplePreparableReloadListener.m_10789_(SimplePreparableReloadListener.java:13)
[11:13:00] [WARN]   at java.util.concurrent.CompletableFuture$UniAccept.tryFire(CompletableFuture.java:718)
[11:13:00] [WARN]   at java.util.concurrent.CompletableFuture$Completion.run(CompletableFuture.java:482)
[11:13:00] [WARN]   at net.minecraft.server.packs.resources.SimpleReloadInstance.m_143940_(SimpleReloadInstance.java:69)
[11:13:00] [WARN]   at net.minecraft.server.TickTask.run(TickTask.java:18)
[11:13:00] [WARN]   at net.minecraft.util.thread.BlockableEventLoop.m_6367_(BlockableEventLoop.java:156)
[11:13:00] [WARN]   at net.minecraft.util.thread.ReentrantBlockableEventLoop.m_6367_(ReentrantBlockableEventLoop.java:23)
[11:13:00] [WARN]   at net.minecraft.server.MinecraftServer.m_6367_(MinecraftServer.java:770)
[11:13:00] [WARN]   at net.minecraft.server.MinecraftServer.m_6367_(MinecraftServer.java:161)
[11:13:00] [WARN]   at net.minecraft.util.thread.BlockableEventLoop.m_7245_(BlockableEventLoop.java:130)
[11:13:00] [WARN]   at net.minecraft.server.MinecraftServer.m_129961_(MinecraftServer.java:753)
[11:13:00] [WARN]   at net.minecraft.server.MinecraftServer.m_7245_(MinecraftServer.java:747)
[11:13:00] [WARN]   at net.minecraft.util.thread.BlockableEventLoop.m_18701_(BlockableEventLoop.java:139)
[11:13:00] [WARN]   at net.minecraft.server.MinecraftServer.m_129861_(MinecraftServer.java:1345)
[11:13:00] [WARN]   at morethanhidden.restrictedportals.RPCommon.onServerStarting(RPCommon.java:77)
[11:13:00] [WARN]   at morethanhidden.restrictedportals.RestrictedPortals.onServerStarting(RestrictedPortals.java:29)
[11:13:00] [WARN]   at morethanhidden.restrictedportals.__RestrictedPortals_onServerStarting_ServerAboutToStartEvent.invoke(.dynamic)
[11:13:00] [WARN]   at MC-BOOTSTRAP/net.minecraftforge.eventbus/net.minecraftforge.eventbus.ASMEventHandler.invoke(ASMEventHandler.java:73)
[11:13:00] [WARN]   at MC-BOOTSTRAP/net.minecraftforge.eventbus/net.minecraftforge.eventbus.EventBus.post(EventBus.java:315)
[11:13:00] [WARN]   at MC-BOOTSTRAP/net.minecraftforge.eventbus/net.minecraftforge.eventbus.EventBus.post(EventBus.java:296)
[11:13:00] [WARN]   at net.minecraftforge.server.ServerLifecycleHooks.handleServerAboutToStart(ServerLifecycleHooks.java:98)
[11:13:00] [WARN]   at net.minecraft.client.server.IntegratedServer.m_7038_(IntegratedServer.java:62)
[11:13:00] [WARN]   at net.minecraft.server.MinecraftServer.m_130011_(MinecraftServer.java:634)
[11:13:00] [WARN]   at net.minecraft.server.MinecraftServer.m_206580_(MinecraftServer.java:251)
[11:13:00] [WARN]   at java.lang.Thread.run(Thread.java:833)
[11:13:00] [INFO] Found 17940 recipes in 851.7 ms
[11:13:01] [ERROR] ! equipment/armor.js#7: Failed to create recipe for type 'kubejs:shaped': ItemStack 'result' can't be empty!
[11:13:01] [WARN] equipment/armor.js#274: You don't need to call .ignoreNBT() anymore, all item ingredients ignore NBT by default!
[11:13:01] [WARN] equipment/armor.js#274: You don't need to call .ignoreNBT() anymore, all item ingredients ignore NBT by default!
[11:13:01] [WARN] equipment/armor.js#274: You don't need to call .ignoreNBT() anymore, all item ingredients ignore NBT by default!
[11:13:01] [WARN] equipment/armor.js#274: You don't need to call .ignoreNBT() anymore, all item ingredients ignore NBT by default!
[11:13:01] [ERROR] ! equipment/tools.js#1433: Failed to create recipe for type 'kubejs:shaped': ItemStack 'result' can't be empty!
[11:13:01] [WARN] equipment/tools.js#1433: Tried to call a function on an errored recipe! (Failed to create recipe for type 'kubejs:shaped')
[11:13:01] [ERROR] ! equipment/tools.js#1448: Failed to create recipe for type 'kubejs:shaped': ItemStack 'result' can't be empty!
[11:13:01] [WARN] equipment/tools.js#1448: Tried to call a function on an errored recipe! (Failed to create recipe for type 'kubejs:shaped')
[11:13:01] [WARN] equipment/tools.js#2027: You don't need to call .ignoreNBT() anymore, all item ingredients ignore NBT by default!
[11:13:01] [WARN] equipment/tools.js#2037: You don't need to call .ignoreNBT() anymore, all item ingredients ignore NBT by default!
[11:13:01] [WARN] equipment/tools.js#2047: You don't need to call .ignoreNBT() anymore, all item ingredients ignore NBT by default!
[11:13:01] [WARN] equipment/tools.js#2027: You don't need to call .ignoreNBT() anymore, all item ingredients ignore NBT by default!
[11:13:01] [WARN] equipment/tools.js#2037: You don't need to call .ignoreNBT() anymore, all item ingredients ignore NBT by default!
[11:13:01] [WARN] equipment/tools.js#2047: You don't need to call .ignoreNBT() anymore, all item ingredients ignore NBT by default!
[11:13:01] [WARN] equipment/tools.js#2027: You don't need to call .ignoreNBT() anymore, all item ingredients ignore NBT by default!
[11:13:01] [WARN] equipment/tools.js#2037: You don't need to call .ignoreNBT() anymore, all item ingredients ignore NBT by default!
[11:13:01] [WARN] equipment/tools.js#2047: You don't need to call .ignoreNBT() anymore, all item ingredients ignore NBT by default!
[11:13:01] [WARN] equipment/tools.js#2027: You don't need to call .ignoreNBT() anymore, all item ingredients ignore NBT by default!
[11:13:01] [WARN] equipment/tools.js#2037: You don't need to call .ignoreNBT() anymore, all item ingredients ignore NBT by default!
[11:13:01] [WARN] equipment/tools.js#2047: You don't need to call .ignoreNBT() anymore, all item ingredients ignore NBT by default!
[11:13:01] [WARN] equipment/tools.js#2027: You don't need to call .ignoreNBT() anymore, all item ingredients ignore NBT by default!
[11:13:01] [WARN] equipment/tools.js#2037: You don't need to call .ignoreNBT() anymore, all item ingredients ignore NBT by default!
[11:13:01] [WARN] equipment/tools.js#2047: You don't need to call .ignoreNBT() anymore, all item ingredients ignore NBT by default!
[11:13:01] [INFO] Posted recipe events in 729.4 ms
[11:13:01] [WARN] Error parsing recipe sob:cooking/echo_rock_candy[farmersdelight:cooking]: {"type":"farmersdelight:cooking","cookingtime":600,"experience":3.0,"ingredients":[{"item":"minecraft:echo_shard"},{"tag":"forge:fruits"},{"item":"minecraft:sugar"},{"item":"minecraft:sugar"}],"container":{"tag":"c:rods/wooden"},"result":{"item":"sob:echo_rock_candy","count":2}}: Missing item, expected to find a string
[11:13:01] [WARN] com.google.gson.JsonSyntaxException: Missing item, expected to find a string
[11:13:01] [WARN]   at net.minecraft.util.GsonHelper.m_13906_(GsonHelper.java:127)
[11:13:01] [WARN]   at net.minecraftforge.common.crafting.CraftingHelper.getItemStack(CraftingHelper.java:185)
[11:13:01] [WARN]   at net.minecraftforge.common.crafting.CraftingHelper.getItemStack(CraftingHelper.java:153)
[11:13:01] [WARN]   at vectorwing.farmersdelight.common.crafting.CookingPotRecipe$Serializer.fromJson(CookingPotRecipe.java:188)
[11:13:01] [WARN]   at vectorwing.farmersdelight.common.crafting.CookingPotRecipe$Serializer.m_6729_(CookingPotRecipe.java:168)
[11:13:01] [WARN]   at net.minecraftforge.common.extensions.IForgeRecipeSerializer.fromJson(IForgeRecipeSerializer.java:23)
[11:13:01] [WARN]   at …kubejs.platform.forge.RecipeForgeHelper.fromJson(RecipeForgeHelper.java:28)
[11:13:01] [WARN]   at …kubejs.recipe.RecipeJS.createRecipe(RecipeJS.java:515)
[11:13:01] [WARN]   at …kubejs.recipe.RecipesEventJS.createRecipe(RecipesEventJS.java:446)
[11:13:01] [WARN]   at java.util.stream.ReferencePipeline$3$1.accept(ReferencePipeline.java:197)
[11:13:01] [WARN]   at java.util.stream.ReferencePipeline$2$1.accept(ReferencePipeline.java:179)
[11:13:01] [WARN]   at java.util.HashMap$ValueSpliterator.forEachRemaining(HashMap.java:1779)
[11:13:01] [WARN]   at java.util.stream.AbstractPipeline.copyInto(AbstractPipeline.java:509)
[11:13:01] [WARN]   at java.util.stream.ForEachOps$ForEachTask.compute(ForEachOps.java:290)
[11:13:01] [WARN]   at java.util.concurrent.CountedCompleter.exec(CountedCompleter.java:754)
[11:13:01] [WARN] Error parsing recipe forbidden_arcanus:aurum_chest_boat[minecraft:crafting_shapeless]: {"type":"minecraft:crafting_shapeless","category":"misc","ingredients":[{"item":"forbidden_arcanus:aurum_boat"},{"fabric_value":{"tag":"c:chests"},"forge_value":{"tag":"forge:chests/wooden"}}],"result":{"item":"forbidden_arcanus:aurum_chest_boat"}}: An ingredient entry needs either a tag or an item
[11:13:01] [WARN] com.google.gson.JsonParseException: An ingredient entry needs either a tag or an item
[11:13:01] [WARN]   at net.minecraft.world.item.crafting.Ingredient.m_43919_(Ingredient.java:226)
[11:13:01] [WARN]   at net.minecraftforge.common.crafting.VanillaIngredientSerializer.parse(VanillaIngredientSerializer.java:27)
[11:13:01] [WARN]   at net.minecraftforge.common.crafting.CraftingHelper.getIngredient(CraftingHelper.java:148)
[11:13:01] [WARN]   at net.minecraft.world.item.crafting.Ingredient.m_288218_(Ingredient.java:194)
[11:13:01] [WARN]   at net.minecraft.world.item.crafting.ShapelessRecipe$Serializer.m_44275_(ShapelessRecipe.java:104)
[11:13:01] [WARN]   at net.minecraft.world.item.crafting.ShapelessRecipe$Serializer.m_6729_(ShapelessRecipe.java:89)
[11:13:01] [WARN]   at net.minecraft.world.item.crafting.ShapelessRecipe$Serializer.m_6729_(ShapelessRecipe.java:84)
[11:13:01] [WARN]   at net.minecraftforge.common.extensions.IForgeRecipeSerializer.fromJson(IForgeRecipeSerializer.java:23)
[11:13:01] [WARN]   at …kubejs.platform.forge.RecipeForgeHelper.fromJson(RecipeForgeHelper.java:28)
[11:13:01] [WARN]   at …kubejs.recipe.RecipeJS.createRecipe(RecipeJS.java:515)
[11:13:01] [WARN]   at …kubejs.recipe.RecipesEventJS.createRecipe(RecipesEventJS.java:446)
[11:13:01] [WARN]   at java.util.stream.ReferencePipeline$3$1.accept(ReferencePipeline.java:197)
[11:13:01] [WARN]   at java.util.stream.ReferencePipeline$2$1.accept(ReferencePipeline.java:179)
[11:13:01] [WARN]   at java.util.HashMap$ValueSpliterator.forEachRemaining(HashMap.java:1779)
[11:13:01] [WARN]   at java.util.stream.AbstractPipeline.copyInto(AbstractPipeline.java:509)
[11:13:01] [WARN]   at java.util.stream.ForEachOps$ForEachTask.compute(ForEachOps.java:290)
[11:13:01] [WARN]   at java.util.concurrent.CountedCompleter.exec(CountedCompleter.java:754)
[11:13:01] [WARN] Error parsing recipe farmersrespite:chilidog_alt[minecraft:crafting_shapeless]: {"type":"minecraft:crafting_shapeless","ingredients":[{"item":"farmersrespite:blazing_chili"},{"item":"mynethersdelight:hotdog"},{"item":"mynethersdelight:hotdog"}],"result":{"count":2,"item":"mynethersdelight:chilidog"}}: Unknown item 'farmersrespite:blazing_chili'
[11:13:01] [WARN] com.google.gson.JsonSyntaxException: Unknown item 'farmersrespite:blazing_chili'
[11:13:01] [WARN]   at net.minecraft.world.item.crafting.ShapedRecipe.m_151280_(ShapedRecipe.java:292)
[11:13:01] [WARN]   at java.util.Optional.orElseThrow(Optional.java:403)
[11:13:01] [WARN]   at net.minecraft.world.item.crafting.ShapedRecipe.m_151278_(ShapedRecipe.java:291)
[11:13:01] [WARN]   at net.minecraft.world.item.crafting.Ingredient.m_43919_(Ingredient.java:219)
[11:13:01] [WARN]   at net.minecraftforge.common.crafting.VanillaIngredientSerializer.parse(VanillaIngredientSerializer.java:27)
[11:13:01] [WARN]   at net.minecraftforge.common.crafting.CraftingHelper.getIngredient(CraftingHelper.java:148)
[11:13:01] [WARN]   at net.minecraft.world.item.crafting.Ingredient.m_288218_(Ingredient.java:194)
[11:13:01] [WARN]   at net.minecraft.world.item.crafting.ShapelessRecipe$Serializer.m_44275_(ShapelessRecipe.java:104)
[11:13:01] [WARN]   at net.minecraft.world.item.crafting.ShapelessRecipe$Serializer.m_6729_(ShapelessRecipe.java:89)
[11:13:01] [WARN]   at net.minecraft.world.item.crafting.ShapelessRecipe$Serializer.m_6729_(ShapelessRecipe.java:84)
[11:13:01] [WARN]   at net.minecraftforge.common.extensions.IForgeRecipeSerializer.fromJson(IForgeRecipeSerializer.java:23)
[11:13:01] [WARN]   at …kubejs.platform.forge.RecipeForgeHelper.fromJson(RecipeForgeHelper.java:28)
[11:13:01] [WARN]   at …kubejs.recipe.RecipeJS.createRecipe(RecipeJS.java:515)
[11:13:01] [WARN]   at …kubejs.recipe.RecipesEventJS.createRecipe(RecipesEventJS.java:446)
[11:13:01] [WARN]   at java.util.stream.ReferencePipeline$3$1.accept(ReferencePipeline.java:197)
[11:13:01] [WARN]   at java.util.stream.ReferencePipeline$2$1.accept(ReferencePipeline.java:179)
[11:13:01] [WARN]   at java.util.HashMap$ValueSpliterator.forEachRemaining(HashMap.java:1779)
[11:13:01] [WARN]   at java.util.stream.AbstractPipeline.copyInto(AbstractPipeline.java:509)
[11:13:01] [WARN]   at java.util.stream.ForEachOps$ForEachTask.compute(ForEachOps.java:290)
[11:13:01] [WARN]   at java.util.concurrent.CountedCompleter.exec(CountedCompleter.java:754)
[11:13:01] [WARN] Error parsing recipe nethersdelight:cutting/hoglin_sausage_alt[farmersdelight:cutting]: {"type":"farmersdelight:cutting","ingredients":[{"item":"nethersdelight:hoglin_loin"}],"result":[{"count":2,"item":"mynethersdelight:hoglin_sausage"}],"tool":{"tag":"forge:tools/knives"}}: Unknown item 'nethersdelight:hoglin_loin'
[11:13:01] [WARN] com.google.gson.JsonSyntaxException: Unknown item 'nethersdelight:hoglin_loin'
[11:13:01] [WARN]   at net.minecraft.world.item.crafting.ShapedRecipe.m_151280_(ShapedRecipe.java:292)
[11:13:01] [WARN]   at java.util.Optional.orElseThrow(Optional.java:403)
[11:13:01] [WARN]   at net.minecraft.world.item.crafting.ShapedRecipe.m_151278_(ShapedRecipe.java:291)
[11:13:01] [WARN]   at net.minecraft.world.item.crafting.Ingredient.m_43919_(Ingredient.java:219)
[11:13:01] [WARN]   at net.minecraftforge.common.crafting.VanillaIngredientSerializer.parse(VanillaIngredientSerializer.java:27)
[11:13:01] [WARN]   at net.minecraftforge.common.crafting.CraftingHelper.getIngredient(CraftingHelper.java:148)
[11:13:01] [WARN]   at net.minecraft.world.item.crafting.Ingredient.m_288218_(Ingredient.java:194)
[11:13:01] [WARN]   at net.minecraft.world.item.crafting.Ingredient.m_43917_(Ingredient.java:189)
[11:13:01] [WARN]   at vectorwing.farmersdelight.common.crafting.CuttingBoardRecipe$Serializer.readIngredients(CuttingBoardRecipe.java:195)
[11:13:01] [WARN]   at vectorwing.farmersdelight.common.crafting.CuttingBoardRecipe$Serializer.fromJson(CuttingBoardRecipe.java:172)
[11:13:01] [WARN]   at vectorwing.farmersdelight.common.crafting.CuttingBoardRecipe$Serializer.m_6729_(CuttingBoardRecipe.java:164)
[11:13:01] [WARN]   at net.minecraftforge.common.extensions.IForgeRecipeSerializer.fromJson(IForgeRecipeSerializer.java:23)
[11:13:01] [WARN]   at …kubejs.platform.forge.RecipeForgeHelper.fromJson(RecipeForgeHelper.java:28)
[11:13:01] [WARN]   at …kubejs.recipe.RecipeJS.createRecipe(RecipeJS.java:515)
[11:13:01] [WARN]   at …kubejs.recipe.RecipesEventJS.createRecipe(RecipesEventJS.java:446)
[11:13:01] [WARN]   at java.util.stream.ReferencePipeline$3$1.accept(ReferencePipeline.java:197)
[11:13:01] [WARN]   at java.util.stream.ReferencePipeline$2$1.accept(ReferencePipeline.java:179)
[11:13:01] [WARN]   at java.util.HashMap$ValueSpliterator.forEachRemaining(HashMap.java:1779)
[11:13:01] [WARN]   at java.util.stream.AbstractPipeline.copyInto(AbstractPipeline.java:509)
[11:13:01] [WARN]   at java.util.stream.ForEachOps$ForEachTask.compute(ForEachOps.java:290)
[11:13:01] [WARN]   at java.util.concurrent.CountedCompleter.exec(CountedCompleter.java:754)
[11:13:01] [WARN] Error parsing recipe alexsdelight:barbecue_on_a_stick[minecraft:crafting_shapeless]: {"group":"barbecue_stick","type":"minecraft:crafting_shapeless","ingredients":[{"item":"farmersdelight:tomato"},{"item":"farmersdelight:onion"},[],{"item":"minecraft:cooked_chicken"},{"tag":"c:rods/wooden"},{"tag":"c:rods/wooden"}],"result":{"item":"farmersdelight:barbecue_stick","count":2}}: Item array cannot be empty, at least one item must be defined
[11:13:01] [WARN] com.google.gson.JsonSyntaxException: Item array cannot be empty, at least one item must be defined
[11:13:01] [WARN]   at net.minecraftforge.common.crafting.CraftingHelper.getIngredient(CraftingHelper.java:126)
[11:13:01] [WARN]   at net.minecraft.world.item.crafting.Ingredient.m_288218_(Ingredient.java:194)
[11:13:01] [WARN]   at net.minecraft.world.item.crafting.ShapelessRecipe$Serializer.m_44275_(ShapelessRecipe.java:104)
[11:13:01] [WARN]   at net.minecraft.world.item.crafting.ShapelessRecipe$Serializer.m_6729_(ShapelessRecipe.java:89)
[11:13:01] [WARN]   at net.minecraft.world.item.crafting.ShapelessRecipe$Serializer.m_6729_(ShapelessRecipe.java:84)
[11:13:01] [WARN]   at net.minecraftforge.common.extensions.IForgeRecipeSerializer.fromJson(IForgeRecipeSerializer.java:23)
[11:13:01] [WARN]   at …kubejs.platform.forge.RecipeForgeHelper.fromJson(RecipeForgeHelper.java:28)
[11:13:01] [WARN]   at …kubejs.recipe.RecipeJS.createRecipe(RecipeJS.java:515)
[11:13:01] [WARN]   at …kubejs.recipe.RecipesEventJS.createRecipe(RecipesEventJS.java:446)
[11:13:01] [WARN]   at java.util.stream.ReferencePipeline$3$1.accept(ReferencePipeline.java:197)
[11:13:01] [WARN]   at java.util.stream.ReferencePipeline$2$1.accept(ReferencePipeline.java:179)
[11:13:01] [WARN]   at java.util.HashMap$ValueSpliterator.forEachRemaining(HashMap.java:1779)
[11:13:01] [WARN]   at java.util.stream.AbstractPipeline.copyInto(AbstractPipeline.java:509)
[11:13:01] [WARN]   at java.util.stream.ForEachOps$ForEachTask.compute(ForEachOps.java:290)
[11:13:01] [WARN]   at java.util.concurrent.CountedCompleter.exec(CountedCompleter.java:754)
[11:13:01] [WARN] Error parsing recipe forbidden_arcanus:edelwood_chest_boat[minecraft:crafting_shapeless]: {"type":"minecraft:crafting_shapeless","category":"misc","ingredients":[{"item":"forbidden_arcanus:edelwood_boat"},{"fabric_value":{"tag":"c:chests"},"forge_value":{"tag":"forge:chests/wooden"}}],"result":{"item":"forbidden_arcanus:edelwood_chest_boat"}}: An ingredient entry needs either a tag or an item
[11:13:01] [WARN] com.google.gson.JsonParseException: An ingredient entry needs either a tag or an item
[11:13:01] [WARN]   at net.minecraft.world.item.crafting.Ingredient.m_43919_(Ingredient.java:226)
[11:13:01] [WARN]   at net.minecraftforge.common.crafting.VanillaIngredientSerializer.parse(VanillaIngredientSerializer.java:27)
[11:13:01] [WARN]   at net.minecraftforge.common.crafting.CraftingHelper.getIngredient(CraftingHelper.java:148)
[11:13:01] [WARN]   at net.minecraft.world.item.crafting.Ingredient.m_288218_(Ingredient.java:194)
[11:13:01] [WARN]   at net.minecraft.world.item.crafting.ShapelessRecipe$Serializer.m_44275_(ShapelessRecipe.java:104)
[11:13:01] [WARN]   at net.minecraft.world.item.crafting.ShapelessRecipe$Serializer.m_6729_(ShapelessRecipe.java:89)
[11:13:01] [WARN]   at net.minecraft.world.item.crafting.ShapelessRecipe$Serializer.m_6729_(ShapelessRecipe.java:84)
[11:13:01] [WARN]   at net.minecraftforge.common.extensions.IForgeRecipeSerializer.fromJson(IForgeRecipeSerializer.java:23)
[11:13:01] [WARN]   at …kubejs.platform.forge.RecipeForgeHelper.fromJson(RecipeForgeHelper.java:28)
[11:13:01] [WARN]   at …kubejs.recipe.RecipeJS.createRecipe(RecipeJS.java:515)
[11:13:01] [WARN]   at …kubejs.recipe.RecipesEventJS.createRecipe(RecipesEventJS.java:446)
[11:13:01] [WARN]   at java.util.stream.ReferencePipeline$3$1.accept(ReferencePipeline.java:197)
[11:13:01] [WARN]   at java.util.stream.ReferencePipeline$2$1.accept(ReferencePipeline.java:179)
[11:13:01] [WARN]   at java.util.HashMap$ValueSpliterator.forEachRemaining(HashMap.java:1779)
[11:13:01] [WARN]   at java.util.stream.AbstractPipeline.copyInto(AbstractPipeline.java:509)
[11:13:01] [WARN]   at java.util.stream.ForEachOps$ForEachTask.compute(ForEachOps.java:290)
[11:13:01] [WARN]   at java.util.concurrent.CountedCompleter.exec(CountedCompleter.java:754)
[11:13:01] [WARN] Error parsing recipe minecraft:kjs/big_enchanting_rune[kubejs:shaped]: {"type":"minecraft:crafting_shaped","result":{"item":"kubejs:big_enchanting_rune","count":1},"pattern":["  ","  "],"key":{}}: Index 0 out of bounds for length 0
[11:13:01] [WARN] Error parsing recipe rubinated_nether:kjs/amhvgpub3ijrw6mdrr59l14fp[rubinated_nether:freezing]: {"type":"rubinated_nether:freezing","category":"freezable_misc","cookingtime":100,"experience":1,"ingredient":{"item":"ancient_aether:sentry_stone"},"result":"ancient_aether:wynd_sentry_stone"}: Unknown item 'ancient_aether:sentry_stone'
[11:13:01] [WARN] Error parsing recipe wizards_reborn:kjs/570bzz9jlpliohyv22jm5g2ra[wizards_reborn:arcane_workbench]: {"type":"wizards_reborn:arcane_workbench","pattern":["ESW","YXS","WYE","AARR"],"key":{"A":{"item":"kubejs:infused_amethyst"},"R":{"item":"thermal:ruby"},"X":{"item":"kubejs:fall_boots_cover"},"W":{"item":"white_wool"},"S":{"item":"thermal:sapphire"},"Y":{"item":"kubejs:infused_emerald"},"E":{"tag":"forge:plates/enderium"}},"output":{"item":"kubejs:silent_boots_cover"},"wissen":5000}: Unknown item 'kubejs:silent_boots_cover'
[11:13:01] [WARN] Error parsing recipe ars_nouveau:kjs/au7fds9mdbyihw1qx30yak77s[ars_nouveau:enchantment]: {"type":"ars_nouveau:enchantment","enchantment":"deeperdarker:catalysis","level":1,"pedestalItems":[{"item":{"item":"kubejs:enchanting_rune_of_horror"}},{"item":{"item":"minecraft:sculk_catalyst"}},{"item":{"item":"ars_nouveau:earth_essence"}}],"sourceCost":3000}: Cannot invoke "net.minecraft.resources.ResourceLocation.m_135815_()" because the return value of "com.hollingsworth.arsnouveau.setup.registry.RegistryHelper.getRegistryName(net.minecraft.world.item.enchantment.Enchantment)" is null
[11:13:01] [WARN] java.lang.ArrayIndexOutOfBoundsException: Index 0 out of bounds for length 0
[11:13:01] [WARN]   at net.minecraft.world.item.crafting.ShapedRecipe$Serializer.m_6729_(ShapedRecipe.java:308)
[11:13:01] [WARN]   at net.minecraft.world.item.crafting.ShapedRecipe$Serializer.m_6729_(ShapedRecipe.java:301)
[11:13:01] [WARN]   at net.minecraftforge.common.extensions.IForgeRecipeSerializer.fromJson(IForgeRecipeSerializer.java:23)
[11:13:01] [WARN]   at …kubejs.platform.forge.RecipeForgeHelper.fromJson(RecipeForgeHelper.java:28)
[11:13:01] [WARN]   at …kubejs.recipe.RecipeJS.createRecipe(RecipeJS.java:515)
[11:13:01] [WARN]   at …kubejs.recipe.RecipesEventJS.createRecipe(RecipesEventJS.java:446)
[11:13:01] [WARN]   at java.util.stream.ReferencePipeline$3$1.accept(ReferencePipeline.java:197)
[11:13:01] [WARN]   at java.util.Spliterators$ArraySpliterator.forEachRemaining(Spliterators.java:992)
[11:13:01] [WARN]   at java.util.stream.AbstractPipeline.copyInto(AbstractPipeline.java:509)
[11:13:01] [WARN]   at java.util.stream.ForEachOps$ForEachTask.compute(ForEachOps.java:290)
[11:13:01] [WARN] com.google.gson.JsonSyntaxException: Unknown item 'ancient_aether:sentry_stone'
[11:13:01] [WARN]   at java.util.concurrent.CountedCompleter.exec(CountedCompleter.java:754)
[11:13:01] [WARN] com.google.gson.JsonSyntaxException: Unknown item 'kubejs:silent_boots_cover'
[11:13:01] [WARN]   at net.minecraftforge.common.crafting.CraftingHelper.getItem(CraftingHelper.java:160)
[11:13:01] [WARN]   at net.minecraft.world.item.crafting.ShapedRecipe.m_151280_(ShapedRecipe.java:292)
[11:13:01] [WARN]   at net.minecraftforge.common.crafting.CraftingHelper.getItemStack(CraftingHelper.java:186)
[11:13:01] [WARN] java.lang.NullPointerException: Cannot invoke "net.minecraft.resources.ResourceLocation.m_135815_()" because the return value of "com.hollingsworth.arsnouveau.setup.registry.RegistryHelper.getRegistryName(net.minecraft.world.item.enchantment.Enchantment)" is null
[11:13:01] [WARN]   at net.minecraft.world.item.crafting.ShapedRecipe.m_151274_(ShapedRecipe.java:286)
[11:13:01] [WARN]   at java.util.Optional.orElseThrow(Optional.java:403)
[11:13:01] [WARN]   at mod.maxbogomol.wizards_reborn.common.recipe.ArcaneWorkbenchRecipe$Serializer.fromJson(ArcaneWorkbenchRecipe.java:130)
[11:13:01] [WARN]   at com.hollingsworth.arsnouveau.api.enchanting_apparatus.EnchantmentRecipe.<init>(EnchantmentRecipe.java:44)
[11:13:01] [WARN]   at mod.maxbogomol.wizards_reborn.common.recipe.ArcaneWorkbenchRecipe$Serializer.m_6729_(ArcaneWorkbenchRecipe.java:97)
[11:13:01] [WARN]   at net.minecraft.world.item.crafting.ShapedRecipe.m_151278_(ShapedRecipe.java:291)
[11:13:01] [WARN]   at net.minecraftforge.common.extensions.IForgeRecipeSerializer.fromJson(IForgeRecipeSerializer.java:23)
[11:13:01] [WARN]   at com.hollingsworth.arsnouveau.api.enchanting_apparatus.EnchantmentRecipe$Serializer.fromJson(EnchantmentRecipe.java:153)
[11:13:01] [WARN]   at net.minecraft.world.item.crafting.Ingredient.m_43919_(Ingredient.java:219)
[11:13:01] [WARN]   at …kubejs.platform.forge.RecipeForgeHelper.fromJson(RecipeForgeHelper.java:28)
[11:13:01] [WARN]   at com.hollingsworth.arsnouveau.api.enchanting_apparatus.EnchantmentRecipe$Serializer.m_6729_(EnchantmentRecipe.java:133)
[11:13:01] [WARN]   at net.minecraftforge.common.crafting.VanillaIngredientSerializer.parse(VanillaIngredientSerializer.java:27)
[11:13:01] [WARN]   at net.minecraftforge.common.extensions.IForgeRecipeSerializer.fromJson(IForgeRecipeSerializer.java:23)
[11:13:01] [WARN]   at …kubejs.recipe.RecipeJS.createRecipe(RecipeJS.java:515)
[11:13:01] [WARN]   at net.minecraftforge.common.crafting.CraftingHelper.getIngredient(CraftingHelper.java:148)
[11:13:01] [WARN]   at …kubejs.platform.forge.RecipeForgeHelper.fromJson(RecipeForgeHelper.java:28)
[11:13:01] [WARN]   at …kubejs.recipe.RecipesEventJS.createRecipe(RecipesEventJS.java:446)
[11:13:01] [WARN]   at net.minecraft.world.item.crafting.Ingredient.m_288218_(Ingredient.java:194)
[11:13:01] [WARN]   at java.util.stream.ReferencePipeline$3$1.accept(ReferencePipeline.java:197)
[11:13:01] [WARN]   at net.minecraft.world.item.crafting.Ingredient.m_43917_(Ingredient.java:189)
[11:13:01] [WARN]   at java.util.Spliterators$ArraySpliterator.forEachRemaining(Spliterators.java:992)
[11:13:01] [WARN]   at net.artienia.rubinated_nether.content.recipe.ModCookingSerializer.fromJson(ModCookingSerializer.java:30)
[11:13:01] [WARN]   at …kubejs.recipe.RecipeJS.createRecipe(RecipeJS.java:515)
[11:13:01] [WARN]   at java.util.stream.AbstractPipeline.copyInto(AbstractPipeline.java:509)
[11:13:01] [WARN]   at net.artienia.rubinated_nether.content.recipe.ModCookingSerializer.m_6729_(ModCookingSerializer.java:16)
[11:13:01] [WARN]   at …kubejs.recipe.RecipesEventJS.createRecipe(RecipesEventJS.java:446)
[11:13:01] [WARN]   at java.util.stream.ForEachOps$ForEachTask.compute(ForEachOps.java:290)
[11:13:01] [WARN]   at java.util.concurrent.CountedCompleter.exec(CountedCompleter.java:754)
[11:13:01] [WARN]   at net.minecraftforge.common.extensions.IForgeRecipeSerializer.fromJson(IForgeRecipeSerializer.java:23)
[11:13:01] [WARN]   at …kubejs.platform.forge.RecipeForgeHelper.fromJson(RecipeForgeHelper.java:28)
[11:13:01] [WARN]   at java.util.stream.ReferencePipeline$3$1.accept(ReferencePipeline.java:197)
[11:13:01] [WARN]   at …kubejs.recipe.RecipeJS.createRecipe(RecipeJS.java:515)
[11:13:01] [WARN]   at java.util.Spliterators$ArraySpliterator.forEachRemaining(Spliterators.java:992)
[11:13:01] [WARN]   at …kubejs.recipe.RecipesEventJS.createRecipe(RecipesEventJS.java:446)
[11:13:01] [WARN] Error parsing recipe lychee:kjs/dpys0bkhjt0et0eh901v62gn0[lychee:item_inside]: {"type":"lychee:item_inside","hide_in_viewer":true,"contextual":{"type":"and","contextual":[{"type":"execute","command":"execute if block ~1 ~-1 ~ rubinated_nether:altar_stone_tiles","hide":true},{"type":"execute","command":"execute if block ~-1 ~-1 ~ rubinated_nether:altar_stone_tiles","hide":true},{"type":"execute","command":"execute if block ~ ~-1 ~1 rubinated_nether:altar_stone_tiles","hide":true},{"type":"execute","command":"execute if block ~ ~-1 ~-1 rubinated_nether:altar_stone_tiles","hide":true},{"type":"execute","command":"execute if block ~1 ~-1 ~-2 rubinated_nether:altar_stone_tiles","hide":true},{"type":"execute","command":"execute if block ~ ~-1 ~-2 rubinated_nether:altar_stone_tiles","hide":true},{"type":"execute","command":"execute if block ~-1 ~-1 ~-2 rubinated_nether:altar_stone_tiles","hide":true},{"type":"execute","command":"execute if block ~1 ~-1 ~2 rubinated_nether:altar_stone_tiles","hide":true},{"type":"execute","command":"execute if block ~ ~-1 ~2 rubinated_nether:altar_stone_tiles","hide":true},{"type":"execute","command":"execute if block ~-1 ~-1 ~2 rubinated_nether:altar_stone_tiles","hide":true},{"type":"execute","command":"execute if block ~2 ~-1 ~-1 rubinated_nether:altar_stone_tiles","hide":true},{"type":"execute","command":"execute if block ~2 ~-1 ~ rubinated_nether:altar_stone_tiles","hide":true},{"type":"execute","command":"execute if block ~2 ~-1 ~1 rubinated_nether:altar_stone_tiles","hide":true},{"type":"execute","command":"execute if block ~-2 ~-1 ~-1 rubinated_nether:altar_stone_tiles","hide":true},{"type":"execute","command":"execute if block ~-2 ~-1 ~ rubinated_nether:altar_stone_tiles","hide":true},{"type":"execute","command":"execute if block ~-2 ~-1 ~1 rubinated_nether:altar_stone_tiles","hide":true},{"type":"execute","command":"execute if block ~1 ~-1 ~1 thermal:ruby_block","hide":true},{"type":"execute","command":"execute if block ~1 ~-1 ~-1 thermal:ruby_block","hide":true},{"type":"execute","command":"execute if block ~-1 ~-1 ~1 thermal:ruby_block","hide":true},{"type":"execute","command":"execute if block ~-1 ~-1 ~-1 thermal:ruby_block","hide":true},{"type":"execute","command":"execute if block ~ ~2 ~3 kubejs:charged_copper_block","hide":true},{"type":"execute","command":"execute if block ~ ~2 ~-3 kubejs:charged_copper_block","hide":true},{"type":"execute","command":"execute if block ~3 ~2 ~ kubejs:charged_copper_block","hide":true},{"type":"execute","command":"execute if block ~-3 ~2 ~ kubejs:charged_copper_block","hide":true},{"type":"execute","command":"execute if block ~-3 ~ ~ rubinated_nether:altar_stone_tiles","hide":true},{"type":"execute","command":"execute if block ~-3 ~1 ~ rubinated_nether:altar_stone_tiles","hide":true},{"type":"execute","command":"execute if block ~3 ~ ~ rubinated_nether:altar_stone_tiles","hide":true},{"type":"execute","command":"execute if block ~3 ~1 ~ rubinated_nether:altar_stone_tiles","hide":true},{"type":"execute","command":"execute if block ~ ~ ~-3 rubinated_nether:altar_stone_tiles","hide":true},{"type":"execute","command":"execute if block ~ ~1 ~-3 rubinated_nether:altar_stone_tiles","hide":true},{"type":"execute","command":"execute if block ~ ~ ~3 rubinated_nether:altar_stone_tiles","hide":true},{"type":"execute","command":"execute if block ~ ~1 ~3 rubinated_nether:altar_stone_tiles","hide":true}]},"post":[{"type":"drop_item","count":1,"item":"thermal:sapphire"},{"type":"execute","command":"playsound minecraft:block.blastfurnace.fire_crackle neutral @p"},{"type":"execute","command":"fill ~3 ~2 ~3 ~-3 ~2 ~-3 minecraft:waxed_copper_block replace kubejs:charged_copper_block"},{"type":"execute","command":"fill ~1 ~-1 ~1 ~-1 ~-1 ~-1 kubejs:depleted_ruby_block replace thermal:ruby_block"},{"type":"delay","s":5},{"type":"execute","command":"fill ~1 ~-1 ~1 ~-1 ~-1 ~-1 thermal:ruby_block replace kubejs:depleted_ruby_block"}],"item_in":[{"item":"kubejs:sapphire"},{"item":"kubejs:sapphire"},{"item":"kubejs:sapphire"},{"item":"kubejs:sapphire"},{"item":"kubejs:alchemical_dust"}],"block_in":"kubejs:infusing_altar"}: Unknown item 'kubejs:alchemical_dust'
[11:13:01] [WARN]   at java.util.stream.AbstractPipeline.copyInto(AbstractPipeline.java:509)
[11:13:01] [WARN]   at java.util.stream.ReferencePipeline$3$1.accept(ReferencePipeline.java:197)
[11:13:01] [WARN]   at java.util.stream.ForEachOps$ForEachTask.compute(ForEachOps.java:290)
[11:13:01] [WARN]   at java.util.Spliterators$ArraySpliterator.forEachRemaining(Spliterators.java:992)
[11:13:01] [WARN]   at java.util.concurrent.CountedCompleter.exec(CountedCompleter.java:754)
[11:13:01] [WARN]   at java.util.stream.AbstractPipeline.copyInto(AbstractPipeline.java:509)
[11:13:01] [WARN]   at java.util.stream.ForEachOps$ForEachTask.compute(ForEachOps.java:290)
[11:13:01] [WARN]   at java.util.concurrent.CountedCompleter.exec(CountedCompleter.java:754)
[11:13:01] [WARN] com.google.gson.JsonSyntaxException: Unknown item 'kubejs:alchemical_dust'
[11:13:01] [WARN]   at net.minecraft.world.item.crafting.ShapedRecipe.m_151280_(ShapedRecipe.java:292)
[11:13:01] [WARN]   at java.util.Optional.orElseThrow(Optional.java:403)
[11:13:01] [WARN]   at net.minecraft.world.item.crafting.ShapedRecipe.m_151278_(ShapedRecipe.java:291)
[11:13:01] [WARN] Error parsing recipe ars_nouveau:kjs/cslwj04dfc6w4hppc7asjjt0s[ars_nouveau:enchantment]: {"type":"ars_nouveau:enchantment","enchantment":"deeperdarker:catalysis","level":2,"pedestalItems":[{"item":{"item":"kubejs:enchanting_rune_of_horror"}},{"item":{"item":"minecraft:sculk_catalyst"}},{"item":{"item":"ars_nouveau:earth_essence"}},{"item":{"item":"ars_nouveau:earth_essence"}}],"sourceCost":6000}: Cannot invoke "net.minecraft.resources.ResourceLocation.m_135815_()" because the return value of "com.hollingsworth.arsnouveau.setup.registry.RegistryHelper.getRegistryName(net.minecraft.world.item.enchantment.Enchantment)" is null
[11:13:01] [WARN]   at net.minecraft.world.item.crafting.Ingredient.m_43919_(Ingredient.java:219)
[11:13:01] [WARN]   at net.minecraftforge.common.crafting.VanillaIngredientSerializer.parse(VanillaIngredientSerializer.java:27)
[11:13:01] [WARN]   at net.minecraftforge.common.crafting.CraftingHelper.getIngredient(CraftingHelper.java:148)
[11:13:01] [WARN]   at net.minecraft.world.item.crafting.Ingredient.m_288218_(Ingredient.java:194)
[11:13:01] [WARN]   at net.minecraft.world.item.crafting.Ingredient.m_43917_(Ingredient.java:189)
[11:13:01] [WARN]   at snownee.lychee.core.recipe.ItemShapelessRecipe$Serializer.lambda$fromJson$0(ItemShapelessRecipe.java:88)
[11:13:01] [WARN]   at java.lang.Iterable.forEach(Iterable.java:75)
[11:13:01] [WARN]   at snownee.lychee.core.recipe.ItemShapelessRecipe$Serializer.fromJson(ItemShapelessRecipe.java:87)
[11:13:01] [WARN]   at snownee.lychee.item_inside.ItemInsideRecipe$Serializer.fromJson(ItemInsideRecipe.java:136)
[11:13:01] [WARN]   at snownee.lychee.item_inside.ItemInsideRecipe$Serializer.fromJson(ItemInsideRecipe.java:128)
[11:13:01] [WARN]   at snownee.lychee.core.recipe.LycheeRecipe$Serializer.fromJson(LycheeRecipe.java:206)
[11:13:01] [WARN]   at snownee.lychee.core.recipe.LycheeRecipe$Serializer.m_6729_(LycheeRecipe.java:156)
[11:13:01] [WARN]   at net.minecraftforge.common.extensions.IForgeRecipeSerializer.fromJson(IForgeRecipeSerializer.java:23)
[11:13:01] [WARN]   at …kubejs.platform.forge.RecipeForgeHelper.fromJson(RecipeForgeHelper.java:28)
[11:13:01] [WARN]   at …kubejs.recipe.RecipeJS.createRecipe(RecipeJS.java:515)
[11:13:01] [WARN]   at …kubejs.recipe.RecipesEventJS.createRecipe(RecipesEventJS.java:446)
[11:13:01] [WARN]   at java.util.stream.ReferencePipeline$3$1.accept(ReferencePipeline.java:197)
[11:13:01] [WARN]   at java.util.Spliterators$ArraySpliterator.forEachRemaining(Spliterators.java:992)
[11:13:01] [WARN]   at java.util.stream.AbstractPipeline.copyInto(AbstractPipeline.java:509)
[11:13:01] [WARN]   at java.util.stream.ForEachOps$ForEachTask.compute(ForEachOps.java:290)
[11:13:01] [WARN]   at java.util.concurrent.CountedCompleter.exec(CountedCompleter.java:754)
[11:13:01] [WARN] java.lang.NullPointerException: Cannot invoke "net.minecraft.resources.ResourceLocation.m_135815_()" because the return value of "com.hollingsworth.arsnouveau.setup.registry.RegistryHelper.getRegistryName(net.minecraft.world.item.enchantment.Enchantment)" is null
[11:13:01] [WARN]   at com.hollingsworth.arsnouveau.api.enchanting_apparatus.EnchantmentRecipe.<init>(EnchantmentRecipe.java:44)
[11:13:01] [WARN]   at com.hollingsworth.arsnouveau.api.enchanting_apparatus.EnchantmentRecipe$Serializer.fromJson(EnchantmentRecipe.java:153)
[11:13:01] [WARN]   at com.hollingsworth.arsnouveau.api.enchanting_apparatus.EnchantmentRecipe$Serializer.m_6729_(EnchantmentRecipe.java:133)
[11:13:01] [WARN]   at net.minecraftforge.common.extensions.IForgeRecipeSerializer.fromJson(IForgeRecipeSerializer.java:23)
[11:13:01] [WARN]   at …kubejs.platform.forge.RecipeForgeHelper.fromJson(RecipeForgeHelper.java:28)
[11:13:01] [WARN]   at …kubejs.recipe.RecipeJS.createRecipe(RecipeJS.java:515)
[11:13:01] [WARN]   at …kubejs.recipe.RecipesEventJS.createRecipe(RecipesEventJS.java:446)
[11:13:01] [WARN]   at java.util.stream.ReferencePipeline$3$1.accept(ReferencePipeline.java:197)
[11:13:01] [WARN]   at java.util.Spliterators$ArraySpliterator.forEachRemaining(Spliterators.java:992)
[11:13:01] [WARN]   at java.util.stream.AbstractPipeline.copyInto(AbstractPipeline.java:509)
[11:13:01] [WARN]   at java.util.stream.ForEachOps$ForEachTask.compute(ForEachOps.java:290)
[11:13:01] [WARN]   at java.util.concurrent.CountedCompleter.exec(CountedCompleter.java:754)
[11:13:01] [WARN] Error parsing recipe lychee:kjs/ebl6cbab2rhc4rtp6uc7plzvq[lychee:item_inside]: {"type":"lychee:item_inside","ghost":true,"comment":"Needs infusing altar multiblock to work. Check ponder by holding W while hovering over infusing altar for more info","item_in":[{"item":"kubejs:sapphire"},{"item":"kubejs:sapphire"},{"item":"kubejs:sapphire"},{"item":"kubejs:sapphire"},{"item":"kubejs:alchemical_dust"}],"block_in":"kubejs:infusing_altar","post":[{"type":"drop_item","item":"thermal:sapphire","count":1}]}: Unknown item 'kubejs:alchemical_dust'
[11:13:01] [WARN] Error parsing recipe ars_nouveau:kjs/4yvxv50q14iw05xyoe97eo0ao[ars_nouveau:enchantment]: {"type":"ars_nouveau:enchantment","enchantment":"deeperdarker:catalysis","level":3,"pedestalItems":[{"item":{"item":"kubejs:enchanting_rune_of_horror"}},{"item":{"item":"minecraft:sculk_catalyst"}},{"item":{"item":"ars_nouveau:earth_essence"}},{"item":{"item":"ars_nouveau:earth_essence"}},{"item":{"item":"ars_nouveau:earth_essence"}}],"sourceCost":9000}: Cannot invoke "net.minecraft.resources.ResourceLocation.m_135815_()" because the return value of "com.hollingsworth.arsnouveau.setup.registry.RegistryHelper.getRegistryName(net.minecraft.world.item.enchantment.Enchantment)" is null
[11:13:01] [WARN] com.google.gson.JsonSyntaxException: Unknown item 'kubejs:alchemical_dust'
[11:13:01] [WARN]   at net.minecraft.world.item.crafting.ShapedRecipe.m_151280_(ShapedRecipe.java:292)
[11:13:01] [WARN]   at java.util.Optional.orElseThrow(Optional.java:403)
[11:13:01] [WARN]   at net.minecraft.world.item.crafting.ShapedRecipe.m_151278_(ShapedRecipe.java:291)
[11:13:01] [WARN]   at net.minecraft.world.item.crafting.Ingredient.m_43919_(Ingredient.java:219)
[11:13:01] [WARN]   at net.minecraftforge.common.crafting.VanillaIngredientSerializer.parse(VanillaIngredientSerializer.java:27)
[11:13:01] [WARN]   at net.minecraftforge.common.crafting.CraftingHelper.getIngredient(CraftingHelper.java:148)
[11:13:01] [WARN]   at net.minecraft.world.item.crafting.Ingredient.m_288218_(Ingredient.java:194)
[11:13:01] [WARN]   at net.minecraft.world.item.crafting.Ingredient.m_43917_(Ingredient.java:189)
[11:13:01] [WARN]   at snownee.lychee.core.recipe.ItemShapelessRecipe$Serializer.lambda$fromJson$0(ItemShapelessRecipe.java:88)
[11:13:01] [WARN]   at java.lang.Iterable.forEach(Iterable.java:75)
[11:13:01] [WARN]   at snownee.lychee.core.recipe.ItemShapelessRecipe$Serializer.fromJson(ItemShapelessRecipe.java:87)
[11:13:01] [WARN]   at snownee.lychee.item_inside.ItemInsideRecipe$Serializer.fromJson(ItemInsideRecipe.java:136)
[11:13:01] [WARN]   at snownee.lychee.item_inside.ItemInsideRecipe$Serializer.fromJson(ItemInsideRecipe.java:128)
[11:13:01] [WARN]   at snownee.lychee.core.recipe.LycheeRecipe$Serializer.fromJson(LycheeRecipe.java:206)
[11:13:01] [WARN]   at snownee.lychee.core.recipe.LycheeRecipe$Serializer.m_6729_(LycheeRecipe.java:156)
[11:13:01] [WARN]   at net.minecraftforge.common.extensions.IForgeRecipeSerializer.fromJson(IForgeRecipeSerializer.java:23)
[11:13:01] [WARN]   at …kubejs.platform.forge.RecipeForgeHelper.fromJson(RecipeForgeHelper.java:28)
[11:13:01] [WARN]   at …kubejs.recipe.RecipeJS.createRecipe(RecipeJS.java:515)
[11:13:01] [WARN]   at …kubejs.recipe.RecipesEventJS.createRecipe(RecipesEventJS.java:446)
[11:13:01] [WARN]   at java.util.stream.ReferencePipeline$3$1.accept(ReferencePipeline.java:197)
[11:13:01] [WARN]   at java.util.Spliterators$ArraySpliterator.forEachRemaining(Spliterators.java:992)
[11:13:01] [WARN]   at java.util.stream.AbstractPipeline.copyInto(AbstractPipeline.java:509)
[11:13:01] [WARN]   at java.util.stream.ForEachOps$ForEachTask.compute(ForEachOps.java:290)
[11:13:01] [WARN]   at java.util.concurrent.CountedCompleter.exec(CountedCompleter.java:754)
[11:13:01] [WARN] java.lang.NullPointerException: Cannot invoke "net.minecraft.resources.ResourceLocation.m_135815_()" because the return value of "com.hollingsworth.arsnouveau.setup.registry.RegistryHelper.getRegistryName(net.minecraft.world.item.enchantment.Enchantment)" is null
[11:13:01] [WARN]   at com.hollingsworth.arsnouveau.api.enchanting_apparatus.EnchantmentRecipe.<init>(EnchantmentRecipe.java:44)
[11:13:01] [WARN]   at com.hollingsworth.arsnouveau.api.enchanting_apparatus.EnchantmentRecipe$Serializer.fromJson(EnchantmentRecipe.java:153)
[11:13:01] [WARN]   at com.hollingsworth.arsnouveau.api.enchanting_apparatus.EnchantmentRecipe$Serializer.m_6729_(EnchantmentRecipe.java:133)
[11:13:01] [WARN]   at net.minecraftforge.common.extensions.IForgeRecipeSerializer.fromJson(IForgeRecipeSerializer.java:23)
[11:13:01] [WARN]   at …kubejs.platform.forge.RecipeForgeHelper.fromJson(RecipeForgeHelper.java:28)
[11:13:01] [WARN]   at …kubejs.recipe.RecipeJS.createRecipe(RecipeJS.java:515)
[11:13:01] [WARN]   at …kubejs.recipe.RecipesEventJS.createRecipe(RecipesEventJS.java:446)
[11:13:01] [WARN]   at java.util.stream.ReferencePipeline$3$1.accept(ReferencePipeline.java:197)
[11:13:01] [WARN]   at java.util.Spliterators$ArraySpliterator.forEachRemaining(Spliterators.java:992)
[11:13:01] [WARN]   at java.util.stream.AbstractPipeline.copyInto(AbstractPipeline.java:509)
[11:13:01] [WARN]   at java.util.stream.ForEachOps$ForEachTask.compute(ForEachOps.java:290)
[11:13:01] [WARN]   at java.util.concurrent.CountedCompleter.exec(CountedCompleter.java:754)
[11:13:01] [WARN] Error parsing recipe ars_nouveau:kjs/6wfe8jd3s1p703wjvypt8hlka[ars_nouveau:enchantment]: {"type":"ars_nouveau:enchantment","enchantment":"deeperdarker:sculk_smite","level":1,"pedestalItems":[{"item":{"item":"kubejs:big_enchanting_rune_of_horror"}},{"item":{"item":"minecraft:sculk"}}],"sourceCost":2000}: Cannot invoke "net.minecraft.resources.ResourceLocation.m_135815_()" because the return value of "com.hollingsworth.arsnouveau.setup.registry.RegistryHelper.getRegistryName(net.minecraft.world.item.enchantment.Enchantment)" is null
[11:13:01] [WARN] java.lang.NullPointerException: Cannot invoke "net.minecraft.resources.ResourceLocation.m_135815_()" because the return value of "com.hollingsworth.arsnouveau.setup.registry.RegistryHelper.getRegistryName(net.minecraft.world.item.enchantment.Enchantment)" is null
[11:13:01] [WARN]   at com.hollingsworth.arsnouveau.api.enchanting_apparatus.EnchantmentRecipe.<init>(EnchantmentRecipe.java:44)
[11:13:01] [WARN]   at com.hollingsworth.arsnouveau.api.enchanting_apparatus.EnchantmentRecipe$Serializer.fromJson(EnchantmentRecipe.java:153)
[11:13:01] [WARN]   at com.hollingsworth.arsnouveau.api.enchanting_apparatus.EnchantmentRecipe$Serializer.m_6729_(EnchantmentRecipe.java:133)
[11:13:01] [WARN]   at net.minecraftforge.common.extensions.IForgeRecipeSerializer.fromJson(IForgeRecipeSerializer.java:23)
[11:13:01] [WARN]   at …kubejs.platform.forge.RecipeForgeHelper.fromJson(RecipeForgeHelper.java:28)
[11:13:01] [WARN]   at …kubejs.recipe.RecipeJS.createRecipe(RecipeJS.java:515)
[11:13:01] [WARN]   at …kubejs.recipe.RecipesEventJS.createRecipe(RecipesEventJS.java:446)
[11:13:01] [WARN]   at java.util.stream.ReferencePipeline$3$1.accept(ReferencePipeline.java:197)
[11:13:01] [WARN]   at java.util.Spliterators$ArraySpliterator.forEachRemaining(Spliterators.java:992)
[11:13:01] [WARN]   at java.util.stream.AbstractPipeline.copyInto(AbstractPipeline.java:509)
[11:13:01] [WARN]   at java.util.stream.ForEachOps$ForEachTask.compute(ForEachOps.java:290)
[11:13:01] [WARN]   at java.util.concurrent.CountedCompleter.exec(CountedCompleter.java:754)
[11:13:01] [WARN] Error parsing recipe ars_nouveau:kjs/au6v440e32oth72tcmokfsd0v[ars_nouveau:enchantment]: {"type":"ars_nouveau:enchantment","enchantment":"deeperdarker:sculk_smite","level":2,"pedestalItems":[{"item":{"item":"kubejs:big_enchanting_rune_of_horror"}},{"item":{"item":"minecraft:sculk"}},{"item":{"item":"minecraft:sculk"}}],"sourceCost":4000}: Cannot invoke "net.minecraft.resources.ResourceLocation.m_135815_()" because the return value of "com.hollingsworth.arsnouveau.setup.registry.RegistryHelper.getRegistryName(net.minecraft.world.item.enchantment.Enchantment)" is null
[11:13:01] [WARN] java.lang.NullPointerException: Cannot invoke "net.minecraft.resources.ResourceLocation.m_135815_()" because the return value of "com.hollingsworth.arsnouveau.setup.registry.RegistryHelper.getRegistryName(net.minecraft.world.item.enchantment.Enchantment)" is null
[11:13:01] [WARN]   at com.hollingsworth.arsnouveau.api.enchanting_apparatus.EnchantmentRecipe.<init>(EnchantmentRecipe.java:44)
[11:13:01] [WARN]   at com.hollingsworth.arsnouveau.api.enchanting_apparatus.EnchantmentRecipe$Serializer.fromJson(EnchantmentRecipe.java:153)
[11:13:01] [WARN]   at com.hollingsworth.arsnouveau.api.enchanting_apparatus.EnchantmentRecipe$Serializer.m_6729_(EnchantmentRecipe.java:133)
[11:13:01] [WARN]   at net.minecraftforge.common.extensions.IForgeRecipeSerializer.fromJson(IForgeRecipeSerializer.java:23)
[11:13:01] [WARN]   at …kubejs.platform.forge.RecipeForgeHelper.fromJson(RecipeForgeHelper.java:28)
[11:13:01] [WARN]   at …kubejs.recipe.RecipeJS.createRecipe(RecipeJS.java:515)
[11:13:01] [WARN]   at …kubejs.recipe.RecipesEventJS.createRecipe(RecipesEventJS.java:446)
[11:13:01] [WARN]   at java.util.stream.ReferencePipeline$3$1.accept(ReferencePipeline.java:197)
[11:13:01] [WARN]   at java.util.Spliterators$ArraySpliterator.forEachRemaining(Spliterators.java:992)
[11:13:01] [WARN]   at java.util.stream.AbstractPipeline.copyInto(AbstractPipeline.java:509)
[11:13:01] [WARN]   at java.util.stream.ForEachOps$ForEachTask.compute(ForEachOps.java:290)
[11:13:01] [WARN]   at java.util.concurrent.CountedCompleter.exec(CountedCompleter.java:754)
[11:13:01] [WARN] Error parsing recipe ars_nouveau:kjs/c0ewbjcm11wto1vm342469xyq[ars_nouveau:enchantment]: {"type":"ars_nouveau:enchantment","enchantment":"deeperdarker:sculk_smite","level":3,"pedestalItems":[{"item":{"item":"kubejs:big_enchanting_rune_of_horror"}},{"item":{"item":"minecraft:sculk"}},{"item":{"item":"minecraft:sculk"}},{"item":{"item":"minecraft:sculk"}}],"sourceCost":6000}: Cannot invoke "net.minecraft.resources.ResourceLocation.m_135815_()" because the return value of "com.hollingsworth.arsnouveau.setup.registry.RegistryHelper.getRegistryName(net.minecraft.world.item.enchantment.Enchantment)" is null
[11:13:01] [WARN] java.lang.NullPointerException: Cannot invoke "net.minecraft.resources.ResourceLocation.m_135815_()" because the return value of "com.hollingsworth.arsnouveau.setup.registry.RegistryHelper.getRegistryName(net.minecraft.world.item.enchantment.Enchantment)" is null
[11:13:01] [WARN]   at com.hollingsworth.arsnouveau.api.enchanting_apparatus.EnchantmentRecipe.<init>(EnchantmentRecipe.java:44)
[11:13:01] [WARN]   at com.hollingsworth.arsnouveau.api.enchanting_apparatus.EnchantmentRecipe$Serializer.fromJson(EnchantmentRecipe.java:153)
[11:13:01] [WARN]   at com.hollingsworth.arsnouveau.api.enchanting_apparatus.EnchantmentRecipe$Serializer.m_6729_(EnchantmentRecipe.java:133)
[11:13:01] [WARN]   at net.minecraftforge.common.extensions.IForgeRecipeSerializer.fromJson(IForgeRecipeSerializer.java:23)
[11:13:01] [WARN]   at …kubejs.platform.forge.RecipeForgeHelper.fromJson(RecipeForgeHelper.java:28)
[11:13:01] [WARN]   at …kubejs.recipe.RecipeJS.createRecipe(RecipeJS.java:515)
[11:13:01] [WARN]   at …kubejs.recipe.RecipesEventJS.createRecipe(RecipesEventJS.java:446)
[11:13:01] [WARN]   at java.util.stream.ReferencePipeline$3$1.accept(ReferencePipeline.java:197)
[11:13:01] [WARN]   at java.util.Spliterators$ArraySpliterator.forEachRemaining(Spliterators.java:992)
[11:13:01] [WARN]   at java.util.stream.AbstractPipeline.copyInto(AbstractPipeline.java:509)
[11:13:01] [WARN]   at java.util.stream.ForEachOps$ForEachTask.compute(ForEachOps.java:290)
[11:13:01] [WARN]   at java.util.concurrent.CountedCompleter.exec(CountedCompleter.java:754)
[11:13:01] [WARN] Error parsing recipe ars_nouveau:kjs/1zjbe5k3jopwrs4h8fwimfsrh[ars_nouveau:enchantment]: {"type":"ars_nouveau:enchantment","enchantment":"deeperdarker:sculk_smite","level":4,"pedestalItems":[{"item":{"item":"kubejs:big_enchanting_rune_of_horror"}},{"item":{"item":"minecraft:sculk"}},{"item":{"item":"minecraft:sculk"}},{"item":{"item":"minecraft:sculk"}},{"item":{"item":"minecraft:sculk"}}],"sourceCost":8000}: Cannot invoke "net.minecraft.resources.ResourceLocation.m_135815_()" because the return value of "com.hollingsworth.arsnouveau.setup.registry.RegistryHelper.getRegistryName(net.minecraft.world.item.enchantment.Enchantment)" is null
[11:13:01] [WARN] java.lang.NullPointerException: Cannot invoke "net.minecraft.resources.ResourceLocation.m_135815_()" because the return value of "com.hollingsworth.arsnouveau.setup.registry.RegistryHelper.getRegistryName(net.minecraft.world.item.enchantment.Enchantment)" is null
[11:13:01] [WARN]   at com.hollingsworth.arsnouveau.api.enchanting_apparatus.EnchantmentRecipe.<init>(EnchantmentRecipe.java:44)
[11:13:01] [WARN]   at com.hollingsworth.arsnouveau.api.enchanting_apparatus.EnchantmentRecipe$Serializer.fromJson(EnchantmentRecipe.java:153)
[11:13:01] [WARN]   at com.hollingsworth.arsnouveau.api.enchanting_apparatus.EnchantmentRecipe$Serializer.m_6729_(EnchantmentRecipe.java:133)
[11:13:01] [WARN]   at net.minecraftforge.common.extensions.IForgeRecipeSerializer.fromJson(IForgeRecipeSerializer.java:23)
[11:13:01] [WARN]   at …kubejs.platform.forge.RecipeForgeHelper.fromJson(RecipeForgeHelper.java:28)
[11:13:01] [WARN]   at …kubejs.recipe.RecipeJS.createRecipe(RecipeJS.java:515)
[11:13:01] [WARN]   at …kubejs.recipe.RecipesEventJS.createRecipe(RecipesEventJS.java:446)
[11:13:01] [WARN]   at java.util.stream.ReferencePipeline$3$1.accept(ReferencePipeline.java:197)
[11:13:01] [WARN]   at java.util.Spliterators$ArraySpliterator.forEachRemaining(Spliterators.java:992)
[11:13:01] [WARN]   at java.util.stream.AbstractPipeline.copyInto(AbstractPipeline.java:509)
[11:13:01] [WARN]   at java.util.stream.ForEachOps$ForEachTask.compute(ForEachOps.java:290)
[11:13:01] [WARN]   at java.util.concurrent.CountedCompleter.exec(CountedCompleter.java:754)
[11:13:01] [WARN] Error parsing recipe ars_nouveau:kjs/9odkhmgep5fyywi6cezxxi1sr[ars_nouveau:enchantment]: {"type":"ars_nouveau:enchantment","enchantment":"deeperdarker:sculk_smite","level":5,"pedestalItems":[{"item":{"item":"kubejs:big_enchanting_rune_of_horror"}},{"item":{"item":"minecraft:sculk"}},{"item":{"item":"minecraft:sculk"}},{"item":{"item":"minecraft:sculk"}},{"item":{"item":"minecraft:sculk"}},{"item":{"item":"minecraft:sculk"}}],"sourceCost":10000}: Cannot invoke "net.minecraft.resources.ResourceLocation.m_135815_()" because the return value of "com.hollingsworth.arsnouveau.setup.registry.RegistryHelper.getRegistryName(net.minecraft.world.item.enchantment.Enchantment)" is null
[11:13:01] [WARN] java.lang.NullPointerException: Cannot invoke "net.minecraft.resources.ResourceLocation.m_135815_()" because the return value of "com.hollingsworth.arsnouveau.setup.registry.RegistryHelper.getRegistryName(net.minecraft.world.item.enchantment.Enchantment)" is null
[11:13:01] [WARN]   at com.hollingsworth.arsnouveau.api.enchanting_apparatus.EnchantmentRecipe.<init>(EnchantmentRecipe.java:44)
[11:13:01] [WARN]   at com.hollingsworth.arsnouveau.api.enchanting_apparatus.EnchantmentRecipe$Serializer.fromJson(EnchantmentRecipe.java:153)
[11:13:01] [WARN]   at com.hollingsworth.arsnouveau.api.enchanting_apparatus.EnchantmentRecipe$Serializer.m_6729_(EnchantmentRecipe.java:133)
[11:13:01] [WARN]   at net.minecraftforge.common.extensions.IForgeRecipeSerializer.fromJson(IForgeRecipeSerializer.java:23)
[11:13:01] [WARN]   at …kubejs.platform.forge.RecipeForgeHelper.fromJson(RecipeForgeHelper.java:28)
[11:13:01] [WARN]   at …kubejs.recipe.RecipeJS.createRecipe(RecipeJS.java:515)
[11:13:01] [WARN]   at …kubejs.recipe.RecipesEventJS.createRecipe(RecipesEventJS.java:446)
[11:13:01] [WARN]   at java.util.stream.ReferencePipeline$3$1.accept(ReferencePipeline.java:197)
[11:13:01] [WARN]   at java.util.Spliterators$ArraySpliterator.forEachRemaining(Spliterators.java:992)
[11:13:01] [WARN]   at java.util.stream.AbstractPipeline.copyInto(AbstractPipeline.java:509)
[11:13:01] [WARN]   at java.util.stream.ForEachOps$ForEachTask.compute(ForEachOps.java:290)
[11:13:01] [WARN]   at java.util.concurrent.CountedCompleter.exec(CountedCompleter.java:754)
[11:13:02] [INFO] Added 3412 recipes, removed 1426 recipes, modified 493 recipes, with 22 failed recipes in 431.9 ms
[11:13:02] [WARN] loot.js#91: LootJS: Invalid ingredient for filter: aether:golden_knife
[11:13:02] [INFO] Server resource reload complete!
