[22:39:36] [INIT] KubeJS 2001.6.5-build.16; MC 2001 forge
[22:39:36] [INIT] Loaded plugins:
[22:39:36] [INIT] - dev.latvian.mods.kubejs.forge.BuiltinKubeJSForgePlugin
[22:39:36] [INIT] - dev.latvian.mods.kubejs.forge.BuiltinKubeJSForgeClientPlugin
[22:39:36] [INIT] - com.lowdragmc.lowdraglib.kjs.LDLibKubeJSPlugin
[22:39:36] [INIT] - net.mehvahdjukaar.sawmill.integration.KubeJsPlugin
[22:39:36] [INIT] - dev.ftb.mods.ftbxmodcompat.ftbquests.kubejs.KubeJSIntegration
[22:39:36] [INIT] - dev.ftb.mods.ftbxmodcompat.ftbchunks.kubejs.FTBChunksKubeJSPlugin
[22:39:36] [INIT] - dev.ftb.mods.ftbxmodcompat.ftbteams.kubejs.FTBTeamsKubeJSPlugin
[22:39:36] [INIT] - dev.ftb.mods.ftbxmodcompat.ftbfiltersystem.kubejs.FFSKubeJSPlugin
[22:39:36] [INIT] - com.squoshi.irons_spells_js.IronsSpellsJSPlugin
[22:39:36] [INIT] - com.squoshi.irons_spells_js.compat.entityjs.EntityJSPlugin
[22:39:36] [INIT] - com.falaut.KubeJSNaturesAuraPlugin
[22:39:36] [INIT] - com.lowdragmc.mbd2.integration.kubejs.MBDKubeJSPlugin
[22:39:36] [INIT] - dev.latvian.mods.kubejs.thermal.KubeJSThermalPlugin
[22:39:36] [INIT] - com.bobvarioa.kubejsarsnouveau.KubeJSArsNouveauPlugin
[22:39:36] [INIT] - net.liopyu.entityjs.EntityJSPlugin
[22:39:36] [INIT] - dev.latvian.mods.kubejs.create.KubeJSCreatePlugin
[22:39:36] [INIT] - com.almostreliable.morejs.Plugin
[22:39:36] [INIT] - com.negodya1.kubejs.vintageimprovements.KubeJSVintagePlugin
[22:39:36] [INIT] - qinomed.kubejsdelight.KubeJSDelightPlugin
[22:39:36] [INIT] - com.almostreliable.lootjs.kube.LootJSPlugin
[22:39:36] [INIT] - com.probejs.ProbeJSPlugin
[22:39:36] [INIT] - com.almostreliable.ponderjs.PonderJSPlugin
[22:39:36] [INIT] - snownee.lychee.compat.kubejs.LycheeKubeJSPlugin
[22:39:39] [INFO] attributes.js#3: Loaded Java class 'net.minecraft.world.entity.ai.attributes.Attributes'
[22:39:39] [INFO] attributes.js#4: Loaded Java class 'net.minecraft.world.entity.ai.attributes.AttributeModifier'
[22:39:39] [INFO] attributes.js#5: Loaded Java class 'io.redspace.ironsspellbooks.api.registry.AttributeRegistry'
[22:39:39] [INFO] Loaded script startup_scripts:attributes.js in 0.147 s
[22:39:39] [INFO] Loaded script startup_scripts:BlockModification.js in 0.009 s
[22:39:39] [INFO] Loaded script startup_scripts:creative_tab.js in 0.002 s
[22:39:39] [INFO] Loaded script startup_scripts:Custom_blocks.js in 0.016 s
[22:39:39] [INFO] Loaded script startup_scripts:Custom_fluids.js in 0.003 s
[22:39:39] [INFO] Custom_items.js#1: Loaded Java class 'net.minecraft.world.item.ShearsItem'
[22:39:39] [INFO] Custom_items.js#2: Loaded Java class 'net.minecraft.world.item.ShieldItem'
[22:39:39] [INFO] Custom_items.js#3: Loaded Java class 'net.minecraft.world.item.FlintAndSteelItem'
[22:39:39] [INFO] Custom_items.js#4: Loaded Java class 'net.minecraft.world.item.Item$Properties'
[22:39:39] [INFO] Loaded script startup_scripts:Custom_items.js in 0.04 s
[22:39:39] [INFO] Loaded script startup_scripts:ItemModification.js in 0.01 s
[22:39:39] [INFO] Loaded script startup_scripts:Name.js in 0.0 s
[22:39:39] [INFO] Loaded script startup_scripts:TreePunching.js in 0.009 s
[22:39:39] [INFO] Loaded 9/9 KubeJS startup scripts in 2.529 s with 0 errors and 0 warnings
